{"D:\\garv\\garvhome\\projs\\nextjs\\2026\\stockers\\app\\components\\ai-analysis-report.tsx": {"path":"D:\\garv\\garvhome\\projs\\nextjs\\2026\\stockers\\app\\components\\ai-analysis-report.tsx","statementMap":{"0":{"start":{"line":241,"column":16},"end":{"line":241,"column":33}},"1":{"start":{"line":125,"column":16},"end":{"line":125,"column":32}},"2":{"start":{"line":3,"column":31},"end":{"line":3,"column":null}},"3":{"start":{"line":29,"column":66},"end":{"line":38,"column":null}},"4":{"start":{"line":41,"column":2},"end":{"line":41,"column":null}},"5":{"start":{"line":41,"column":24},"end":{"line":41,"column":null}},"6":{"start":{"line":42,"column":2},"end":{"line":42,"column":null}},"7":{"start":{"line":42,"column":22},"end":{"line":42,"column":null}},"8":{"start":{"line":43,"column":2},"end":{"line":43,"column":null}},"9":{"start":{"line":50,"column":16},"end":{"line":50,"column":null}},"10":{"start":{"line":51,"column":2},"end":{"line":51,"column":null}},"11":{"start":{"line":51,"column":30},"end":{"line":51,"column":null}},"12":{"start":{"line":52,"column":2},"end":{"line":52,"column":null}},"13":{"start":{"line":52,"column":30},"end":{"line":52,"column":null}},"14":{"start":{"line":53,"column":2},"end":{"line":53,"column":null}},"15":{"start":{"line":57,"column":16},"end":{"line":57,"column":null}},"16":{"start":{"line":58,"column":2},"end":{"line":65,"column":null}},"17":{"start":{"line":59,"column":4},"end":{"line":64,"column":null}},"18":{"start":{"line":66,"column":2},"end":{"line":73,"column":null}},"19":{"start":{"line":67,"column":4},"end":{"line":72,"column":null}},"20":{"start":{"line":74,"column":2},"end":{"line":79,"column":null}},"21":{"start":{"line":85,"column":21},"end":{"line":120,"column":null}},"22":{"start":{"line":86,"column":17},"end":{"line":86,"column":null}},"23":{"start":{"line":86,"column":64},"end":{"line":86,"column":null}},"24":{"start":{"line":93,"column":24},"end":{"line":93,"column":42}},"25":{"start":{"line":94,"column":24},"end":{"line":94,"column":null}},"26":{"start":{"line":95,"column":23},"end":{"line":95,"column":null}},"27":{"start":{"line":96,"column":25},"end":{"line":96,"column":null}},"28":{"start":{"line":97,"column":29},"end":{"line":97,"column":null}},"29":{"start":{"line":99,"column":10},"end":{"line":100,"column":27}},"30":{"start":{"line":126,"column":2},"end":{"line":126,"column":null}},"31":{"start":{"line":126,"column":25},"end":{"line":126,"column":null}},"32":{"start":{"line":127,"column":2},"end":{"line":132,"column":null}},"33":{"start":{"line":128,"column":19},"end":{"line":128,"column":null}},"34":{"start":{"line":129,"column":4},"end":{"line":129,"column":null}},"35":{"start":{"line":131,"column":4},"end":{"line":131,"column":null}},"36":{"start":{"line":135,"column":23},"end":{"line":160,"column":null}},"37":{"start":{"line":136,"column":22},"end":{"line":136,"column":null}},"38":{"start":{"line":137,"column":28},"end":{"line":137,"column":null}},"39":{"start":{"line":138,"column":21},"end":{"line":138,"column":null}},"40":{"start":{"line":140,"column":2},"end":{"line":146,"column":null}},"41":{"start":{"line":156,"column":21},"end":{"line":156,"column":null}},"42":{"start":{"line":156,"column":41},"end":{"line":156,"column":null}},"43":{"start":{"line":164,"column":25},"end":{"line":223,"column":null}},"44":{"start":{"line":165,"column":2},"end":{"line":165,"column":null}},"45":{"start":{"line":165,"column":54},"end":{"line":165,"column":null}},"46":{"start":{"line":179,"column":12},"end":{"line":179,"column":25}},"47":{"start":{"line":187,"column":26},"end":{"line":187,"column":null}},"48":{"start":{"line":188,"column":25},"end":{"line":188,"column":null}},"49":{"start":{"line":189,"column":31},"end":{"line":189,"column":null}},"50":{"start":{"line":191,"column":12},"end":{"line":193,"column":null}},"51":{"start":{"line":225,"column":20},"end":{"line":239,"column":null}},"52":{"start":{"line":226,"column":2},"end":{"line":228,"column":null}},"53":{"start":{"line":232,"column":8},"end":{"line":232,"column":23}},"54":{"start":{"line":256,"column":14},"end":{"line":256,"column":null}},"55":{"start":{"line":257,"column":18},"end":{"line":257,"column":null}},"56":{"start":{"line":258,"column":21},"end":{"line":260,"column":null}},"57":{"start":{"line":259,"column":34},"end":{"line":259,"column":null}},"58":{"start":{"line":261,"column":16},"end":{"line":261,"column":null}}},"fnMap":{"0":{"name":"capTierBadgeClass","decl":{"start":{"line":40,"column":9},"end":{"line":40,"column":27}},"loc":{"start":{"line":40,"column":39},"end":{"line":44,"column":null}}},"1":{"name":"normalizeOutlook","decl":{"start":{"line":49,"column":9},"end":{"line":49,"column":26}},"loc":{"start":{"line":49,"column":45},"end":{"line":54,"column":null}}},"2":{"name":"recommendationStyle","decl":{"start":{"line":56,"column":9},"end":{"line":56,"column":29}},"loc":{"start":{"line":56,"column":52},"end":{"line":80,"column":null}}},"3":{"name":"ReturnsStrip","decl":{"start":{"line":85,"column":35},"end":{"line":85,"column":48}},"loc":{"start":{"line":85,"column":127},"end":{"line":120,"column":null}}},"4":{"name":"(anonymous_7)","decl":{"start":{"line":86,"column":51},"end":{"line":86,"column":52}},"loc":{"start":{"line":86,"column":64},"end":{"line":86,"column":null}}},"5":{"name":"(anonymous_8)","decl":{"start":{"line":92,"column":28},"end":{"line":92,"column":29}},"loc":{"start":{"line":92,"column":43},"end":{"line":116,"column":null}}},"6":{"name":"clearbitUrlFrom","decl":{"start":{"line":125,"column":16},"end":{"line":125,"column":32}},"loc":{"start":{"line":125,"column":64},"end":{"line":133,"column":null}}},"7":{"name":"CompetitorLogo","decl":{"start":{"line":135,"column":37},"end":{"line":135,"column":52}},"loc":{"start":{"line":135,"column":97},"end":{"line":160,"column":null}}},"8":{"name":"(anonymous_11)","decl":{"start":{"line":156,"column":15},"end":{"line":156,"column":21}},"loc":{"start":{"line":156,"column":21},"end":{"line":156,"column":null}}},"9":{"name":"(anonymous_12)","decl":{"start":{"line":156,"column":30},"end":{"line":156,"column":31}},"loc":{"start":{"line":156,"column":41},"end":{"line":156,"column":null}}},"10":{"name":"CompetitorsPanel","decl":{"start":{"line":164,"column":39},"end":{"line":164,"column":56}},"loc":{"start":{"line":164,"column":125},"end":{"line":223,"column":null}}},"11":{"name":"(anonymous_14)","decl":{"start":{"line":178,"column":40},"end":{"line":178,"column":41}},"loc":{"start":{"line":179,"column":12},"end":{"line":179,"column":25}}},"12":{"name":"(anonymous_15)","decl":{"start":{"line":186,"column":26},"end":{"line":186,"column":27}},"loc":{"start":{"line":186,"column":33},"end":{"line":219,"column":null}}},"13":{"name":"CompactList","decl":{"start":{"line":225,"column":34},"end":{"line":225,"column":46}},"loc":{"start":{"line":225,"column":96},"end":{"line":239,"column":null}}},"14":{"name":"(anonymous_17)","decl":{"start":{"line":231,"column":17},"end":{"line":231,"column":18}},"loc":{"start":{"line":232,"column":8},"end":{"line":232,"column":23}}},"15":{"name":"AiAnalysisReport","decl":{"start":{"line":241,"column":16},"end":{"line":241,"column":33}},"loc":{"start":{"line":255,"column":1},"end":{"line":317,"column":null}}},"16":{"name":"(anonymous_19)","decl":{"start":{"line":259,"column":12},"end":{"line":259,"column":13}},"loc":{"start":{"line":259,"column":34},"end":{"line":259,"column":null}}}},"branchMap":{"0":{"loc":{"start":{"line":41,"column":2},"end":{"line":41,"column":null}},"type":"if","locations":[{"start":{"line":41,"column":2},"end":{"line":41,"column":null}},{"start":{},"end":{}}]},"1":{"loc":{"start":{"line":42,"column":2},"end":{"line":42,"column":null}},"type":"if","locations":[{"start":{"line":42,"column":2},"end":{"line":42,"column":null}},{"start":{},"end":{}}]},"2":{"loc":{"start":{"line":50,"column":17},"end":{"line":50,"column":32}},"type":"binary-expr","locations":[{"start":{"line":50,"column":17},"end":{"line":50,"column":31}},{"start":{"line":50,"column":31},"end":{"line":50,"column":32}}]},"3":{"loc":{"start":{"line":51,"column":2},"end":{"line":51,"column":null}},"type":"if","locations":[{"start":{"line":51,"column":2},"end":{"line":51,"column":null}},{"start":{},"end":{}}]},"4":{"loc":{"start":{"line":52,"column":2},"end":{"line":52,"column":null}},"type":"if","locations":[{"start":{"line":52,"column":2},"end":{"line":52,"column":null}},{"start":{},"end":{}}]},"5":{"loc":{"start":{"line":57,"column":17},"end":{"line":57,"column":36}},"type":"binary-expr","locations":[{"start":{"line":57,"column":17},"end":{"line":57,"column":35}},{"start":{"line":57,"column":35},"end":{"line":57,"column":36}}]},"6":{"loc":{"start":{"line":58,"column":2},"end":{"line":65,"column":null}},"type":"if","locations":[{"start":{"line":58,"column":2},"end":{"line":65,"column":null}},{"start":{},"end":{}}]},"7":{"loc":{"start":{"line":58,"column":6},"end":{"line":58,"column":86}},"type":"binary-expr","locations":[{"start":{"line":58,"column":6},"end":{"line":58,"column":33}},{"start":{"line":58,"column":33},"end":{"line":58,"column":59}},{"start":{"line":58,"column":59},"end":{"line":58,"column":86}}]},"8":{"loc":{"start":{"line":66,"column":2},"end":{"line":73,"column":null}},"type":"if","locations":[{"start":{"line":66,"column":2},"end":{"line":73,"column":null}},{"start":{},"end":{}}]},"9":{"loc":{"start":{"line":86,"column":73},"end":{"line":86,"column":null}},"type":"binary-expr","locations":[{"start":{"line":86,"column":73},"end":{"line":86,"column":91}},{"start":{"line":86,"column":95},"end":{"line":86,"column":null}}]},"10":{"loc":{"start":{"line":95,"column":23},"end":{"line":95,"column":null}},"type":"binary-expr","locations":[{"start":{"line":95,"column":23},"end":{"line":95,"column":32}},{"start":{"line":95,"column":32},"end":{"line":95,"column":null}}]},"11":{"loc":{"start":{"line":96,"column":25},"end":{"line":96,"column":null}},"type":"cond-expr","locations":[{"start":{"line":96,"column":33},"end":{"line":96,"column":81}},{"start":{"line":96,"column":81},"end":{"line":96,"column":null}}]},"12":{"loc":{"start":{"line":97,"column":29},"end":{"line":97,"column":null}},"type":"cond-expr","locations":[{"start":{"line":97,"column":38},"end":{"line":97,"column":77}},{"start":{"line":97,"column":77},"end":{"line":97,"column":null}}]},"13":{"loc":{"start":{"line":97,"column":77},"end":{"line":97,"column":null}},"type":"cond-expr","locations":[{"start":{"line":97,"column":84},"end":{"line":97,"column":127}},{"start":{"line":97,"column":127},"end":{"line":97,"column":null}}]},"14":{"loc":{"start":{"line":103,"column":16},"end":{"line":105,"column":17}},"type":"cond-expr","locations":[{"start":{"line":103,"column":16},"end":{"line":105,"column":17}}]},"15":{"loc":{"start":{"line":106,"column":19},"end":{"line":106,"column":null}},"type":"cond-expr","locations":[{"start":{"line":106,"column":27},"end":{"line":106,"column":67}},{"start":{"line":106,"column":70},"end":{"line":106,"column":null}}]},"16":{"loc":{"start":{"line":106,"column":30},"end":{"line":106,"column":48}},"type":"cond-expr","locations":[{"start":{"line":106,"column":37},"end":{"line":106,"column":43}},{"start":{"line":106,"column":43},"end":{"line":106,"column":48}}]},"17":{"loc":{"start":{"line":110,"column":17},"end":{"line":110,"column":29}},"type":"binary-expr","locations":[{"start":{"line":110,"column":17},"end":{"line":110,"column":29}},{"start":{"line":110,"column":29},"end":{"line":110,"column":null}}]},"18":{"loc":{"start":{"line":111,"column":57},"end":{"line":111,"column":98}},"type":"cond-expr","locations":[{"start":{"line":111,"column":64},"end":{"line":111,"column":83}},{"start":{"line":111,"column":83},"end":{"line":111,"column":98}}]},"19":{"loc":{"start":{"line":126,"column":2},"end":{"line":126,"column":null}},"type":"if","locations":[{"start":{"line":126,"column":2},"end":{"line":126,"column":null}},{"start":{},"end":{}}]},"20":{"loc":{"start":{"line":129,"column":11},"end":{"line":129,"column":null}},"type":"cond-expr","locations":[{"start":{"line":129,"column":20},"end":{"line":129,"column":66}},{"start":{"line":129,"column":69},"end":{"line":129,"column":null}}]},"21":{"loc":{"start":{"line":137,"column":71},"end":{"line":137,"column":null}},"type":"cond-expr","locations":[{"start":{"line":137,"column":85},"end":{"line":137,"column":98}},{"start":{"line":137,"column":98},"end":{"line":137,"column":null}}]},"22":{"loc":{"start":{"line":138,"column":21},"end":{"line":138,"column":null}},"type":"cond-expr","locations":[{"start":{"line":138,"column":44},"end":{"line":138,"column":58}},{"start":{"line":138,"column":58},"end":{"line":138,"column":null}}]},"23":{"loc":{"start":{"line":140,"column":2},"end":{"line":146,"column":null}},"type":"if","locations":[{"start":{"line":140,"column":2},"end":{"line":146,"column":null}},{"start":{},"end":{}}]},"24":{"loc":{"start":{"line":140,"column":6},"end":{"line":140,"column":41}},"type":"binary-expr","locations":[{"start":{"line":140,"column":6},"end":{"line":140,"column":21}},{"start":{"line":140,"column":21},"end":{"line":140,"column":41}}]},"25":{"loc":{"start":{"line":156,"column":41},"end":{"line":156,"column":null}},"type":"cond-expr","locations":[{"start":{"line":156,"column":63},"end":{"line":156,"column":74}},{"start":{"line":156,"column":74},"end":{"line":156,"column":null}}]},"26":{"loc":{"start":{"line":165,"column":2},"end":{"line":165,"column":null}},"type":"if","locations":[{"start":{"line":165,"column":2},"end":{"line":165,"column":null}},{"start":{},"end":{}}]},"27":{"loc":{"start":{"line":165,"column":6},"end":{"line":165,"column":54}},"type":"binary-expr","locations":[{"start":{"line":165,"column":6},"end":{"line":165,"column":19}},{"start":{"line":165,"column":19},"end":{"line":165,"column":28}},{"start":{"line":165,"column":28},"end":{"line":165,"column":54}}]},"28":{"loc":{"start":{"line":171,"column":9},"end":{"line":173,"column":null}},"type":"cond-expr","locations":[{"start":{"line":172,"column":12},"end":{"line":172,"column":81}},{"start":{"line":173,"column":12},"end":{"line":173,"column":null}}]},"29":{"loc":{"start":{"line":177,"column":9},"end":{"line":179,"column":25}},"type":"binary-expr","locations":[{"start":{"line":177,"column":9},"end":{"line":177,"column":null}},{"start":{"line":178,"column":10},"end":{"line":179,"column":25}}]},"30":{"loc":{"start":{"line":185,"column":9},"end":{"line":219,"column":null}},"type":"binary-expr","locations":[{"start":{"line":185,"column":9},"end":{"line":185,"column":null}},{"start":{"line":186,"column":10},"end":{"line":219,"column":null}}]},"31":{"loc":{"start":{"line":188,"column":25},"end":{"line":188,"column":null}},"type":"binary-expr","locations":[{"start":{"line":188,"column":25},"end":{"line":188,"column":34}},{"start":{"line":188,"column":34},"end":{"line":188,"column":null}}]},"32":{"loc":{"start":{"line":189,"column":31},"end":{"line":189,"column":null}},"type":"cond-expr","locations":[{"start":{"line":189,"column":40},"end":{"line":189,"column":79}},{"start":{"line":189,"column":79},"end":{"line":189,"column":null}}]},"33":{"loc":{"start":{"line":189,"column":79},"end":{"line":189,"column":null}},"type":"cond-expr","locations":[{"start":{"line":189,"column":86},"end":{"line":189,"column":129}},{"start":{"line":189,"column":129},"end":{"line":189,"column":null}}]},"34":{"loc":{"start":{"line":194,"column":61},"end":{"line":194,"column":142}},"type":"cond-expr","locations":[{"start":{"line":194,"column":75},"end":{"line":194,"column":138}},{"start":{"line":194,"column":138},"end":{"line":194,"column":142}}]},"35":{"loc":{"start":{"line":201,"column":21},"end":{"line":201,"column":32}},"type":"binary-expr","locations":[{"start":{"line":201,"column":21},"end":{"line":201,"column":32}}]},"36":{"loc":{"start":{"line":211,"column":21},"end":{"line":211,"column":null}},"type":"cond-expr","locations":[{"start":{"line":211,"column":43},"end":{"line":211,"column":113}},{"start":{"line":211,"column":116},"end":{"line":211,"column":null}}]},"37":{"loc":{"start":{"line":214,"column":21},"end":{"line":214,"column":null}},"type":"cond-expr","locations":[{"start":{"line":214,"column":29},"end":{"line":214,"column":95}},{"start":{"line":214,"column":98},"end":{"line":214,"column":null}}]},"38":{"loc":{"start":{"line":214,"column":32},"end":{"line":214,"column":49}},"type":"cond-expr","locations":[{"start":{"line":214,"column":39},"end":{"line":214,"column":45}},{"start":{"line":214,"column":45},"end":{"line":214,"column":49}}]},"39":{"loc":{"start":{"line":226,"column":2},"end":{"line":228,"column":null}},"type":"if","locations":[{"start":{"line":226,"column":2},"end":{"line":228,"column":null}},{"start":{},"end":{}}]},"40":{"loc":{"start":{"line":257,"column":19},"end":{"line":257,"column":55}},"type":"binary-expr","locations":[{"start":{"line":257,"column":19},"end":{"line":257,"column":49}},{"start":{"line":257,"column":53},"end":{"line":257,"column":55}}]},"41":{"loc":{"start":{"line":258,"column":26},"end":{"line":258,"column":53}},"type":"binary-expr","locations":[{"start":{"line":258,"column":26},"end":{"line":258,"column":47}},{"start":{"line":258,"column":51},"end":{"line":258,"column":53}}]},"42":{"loc":{"start":{"line":258,"column":60},"end":{"line":258,"column":86}},"type":"binary-expr","locations":[{"start":{"line":258,"column":60},"end":{"line":258,"column":80}},{"start":{"line":258,"column":84},"end":{"line":258,"column":86}}]},"43":{"loc":{"start":{"line":261,"column":36},"end":{"line":261,"column":66}},"type":"binary-expr","locations":[{"start":{"line":261,"column":36},"end":{"line":261,"column":60}},{"start":{"line":261,"column":64},"end":{"line":261,"column":66}}]},"44":{"loc":{"start":{"line":273,"column":11},"end":{"line":273,"column":null}},"type":"binary-expr","locations":[{"start":{"line":273,"column":11},"end":{"line":273,"column":null}}]},"45":{"loc":{"start":{"line":278,"column":11},"end":{"line":278,"column":null}},"type":"binary-expr","locations":[{"start":{"line":278,"column":11},"end":{"line":278,"column":null}}]},"46":{"loc":{"start":{"line":284,"column":9},"end":{"line":284,"column":25}},"type":"binary-expr","locations":[{"start":{"line":284,"column":9},"end":{"line":284,"column":25}}]}},"s":{"0":63,"1":5,"2":2,"3":2,"4":37,"5":28,"6":9,"7":6,"8":3,"9":63,"10":63,"11":1,"12":62,"13":30,"14":32,"15":63,"16":63,"17":6,"18":57,"19":2,"20":55,"21":2,"22":62,"23":496,"24":496,"25":496,"26":496,"27":496,"28":496,"29":496,"30":70,"31":28,"32":42,"33":42,"34":41,"35":1,"36":2,"37":65,"38":65,"39":65,"40":65,"41":3,"42":3,"43":2,"44":62,"45":39,"46":8,"47":62,"48":62,"49":62,"50":62,"51":2,"52":189,"53":308,"54":63,"55":63,"56":63,"57":124,"58":63},"f":{"0":37,"1":63,"2":63,"3":62,"4":496,"5":496,"6":70,"7":65,"8":3,"9":3,"10":62,"11":8,"12":62,"13":189,"14":308,"15":63,"16":124},"b":{"0":[28,9],"1":[6,3],"2":[63,31],"3":[1,62],"4":[30,32],"5":[63,2],"6":[6,57],"7":[63,61,59],"8":[2,55],"9":[496,198],"10":[496,298],"11":[298,198],"12":[198,298],"13":[190,108],"14":[16],"15":[298,182],"16":[190,108],"17":[496,480],"18":[190,108],"19":[28,42],"20":[21,20],"21":[20,45],"22":[18,47],"23":[28,37],"24":[65,39],"25":[1,2],"26":[39,23],"27":[62,60,22],"28":[21,2],"29":[23,2],"30":[23,21],"31":[62,44],"32":[18,44],"33":[23,21],"34":[20,42],"35":[62],"36":[44,18],"37":[44,18],"38":[23,21],"39":[66,123],"40":[63,31],"41":[63,31],"42":[63,31],"43":[63,1],"44":[63],"45":[63],"46":[63]}}
,"D:\\garv\\garvhome\\projs\\nextjs\\2026\\stockers\\app\\components\\ai-board-read.tsx": {"path":"D:\\garv\\garvhome\\projs\\nextjs\\2026\\stockers\\app\\components\\ai-board-read.tsx","statementMap":{"0":{"start":{"line":14,"column":16},"end":{"line":14,"column":28}},"1":{"start":{"line":3,"column":36},"end":{"line":3,"column":null}},"2":{"start":{"line":15,"column":26},"end":{"line":15,"column":null}},"3":{"start":{"line":16,"column":28},"end":{"line":16,"column":null}},"4":{"start":{"line":19,"column":14},"end":{"line":19,"column":null}},"5":{"start":{"line":21,"column":2},"end":{"line":47,"column":null}},"6":{"start":{"line":22,"column":4},"end":{"line":22,"column":null}},"7":{"start":{"line":22,"column":14},"end":{"line":22,"column":null}},"8":{"start":{"line":24,"column":20},"end":{"line":24,"column":null}},"9":{"start":{"line":26,"column":5},"end":{"line":42,"column":null}},"10":{"start":{"line":27,"column":6},"end":{"line":41,"column":null}},"11":{"start":{"line":28,"column":25},"end":{"line":32,"column":null}},"12":{"start":{"line":33,"column":8},"end":{"line":33,"column":null}},"13":{"start":{"line":33,"column":26},"end":{"line":33,"column":null}},"14":{"start":{"line":35,"column":21},"end":{"line":35,"column":null}},"15":{"start":{"line":36,"column":8},"end":{"line":36,"column":null}},"16":{"start":{"line":36,"column":23},"end":{"line":36,"column":null}},"17":{"start":{"line":37,"column":8},"end":{"line":37,"column":null}},"18":{"start":{"line":38,"column":8},"end":{"line":38,"column":null}},"19":{"start":{"line":40,"column":8},"end":{"line":40,"column":null}},"20":{"start":{"line":40,"column":24},"end":{"line":40,"column":null}},"21":{"start":{"line":44,"column":4},"end":{"line":46,"column":null}},"22":{"start":{"line":45,"column":6},"end":{"line":45,"column":null}},"23":{"start":{"line":49,"column":2},"end":{"line":49,"column":null}},"24":{"start":{"line":49,"column":12},"end":{"line":49,"column":null}},"25":{"start":{"line":71,"column":14},"end":{"line":71,"column":30}}},"fnMap":{"0":{"name":"AiBoardRead","decl":{"start":{"line":14,"column":16},"end":{"line":14,"column":28}},"loc":{"start":{"line":14,"column":93},"end":{"line":87,"column":null}}},"1":{"name":"(anonymous_2)","decl":{"start":{"line":21,"column":12},"end":{"line":21,"column":null}},"loc":{"start":{"line":21,"column":12},"end":{"line":47,"column":5}}},"2":{"name":"(anonymous_3)","decl":{"start":{"line":26,"column":5},"end":{"line":26,"column":null}},"loc":{"start":{"line":26,"column":5},"end":{"line":42,"column":null}}},"3":{"name":"(anonymous_4)","decl":{"start":{"line":44,"column":11},"end":{"line":44,"column":null}},"loc":{"start":{"line":44,"column":11},"end":{"line":46,"column":null}}},"4":{"name":"(anonymous_5)","decl":{"start":{"line":70,"column":29},"end":{"line":70,"column":30}},"loc":{"start":{"line":71,"column":14},"end":{"line":71,"column":30}}}},"branchMap":{"0":{"loc":{"start":{"line":19,"column":14},"end":{"line":19,"column":null}},"type":"cond-expr","locations":[{"start":{"line":19,"column":22},"end":{"line":19,"column":46}},{"start":{"line":19,"column":46},"end":{"line":19,"column":null}}]},"1":{"loc":{"start":{"line":22,"column":4},"end":{"line":22,"column":null}},"type":"if","locations":[{"start":{"line":22,"column":4},"end":{"line":22,"column":null}},{"start":{},"end":{}}]},"2":{"loc":{"start":{"line":33,"column":8},"end":{"line":33,"column":null}},"type":"if","locations":[{"start":{"line":33,"column":8},"end":{"line":33,"column":null}},{"start":{},"end":{}}]},"3":{"loc":{"start":{"line":36,"column":8},"end":{"line":36,"column":null}},"type":"if","locations":[{"start":{"line":36,"column":8},"end":{"line":36,"column":null}},{"start":{},"end":{}}]},"4":{"loc":{"start":{"line":37,"column":16},"end":{"line":37,"column":null}},"type":"binary-expr","locations":[{"start":{"line":37,"column":16},"end":{"line":37,"column":25}},{"start":{"line":37,"column":29},"end":{"line":37,"column":null}}]},"5":{"loc":{"start":{"line":40,"column":8},"end":{"line":40,"column":null}},"type":"if","locations":[{"start":{"line":40,"column":8},"end":{"line":40,"column":null}},{"start":{},"end":{}}]},"6":{"loc":{"start":{"line":49,"column":2},"end":{"line":49,"column":null}},"type":"if","locations":[{"start":{"line":49,"column":2},"end":{"line":49,"column":null}},{"start":{},"end":{}}]},"7":{"loc":{"start":{"line":57,"column":7},"end":{"line":57,"column":16}},"type":"binary-expr","locations":[{"start":{"line":57,"column":7},"end":{"line":57,"column":16}}]},"8":{"loc":{"start":{"line":59,"column":7},"end":{"line":59,"column":16}},"type":"binary-expr","locations":[{"start":{"line":59,"column":7},"end":{"line":59,"column":16}},{"start":{"line":59,"column":16},"end":{"line":59,"column":null}}]},"9":{"loc":{"start":{"line":66,"column":7},"end":{"line":66,"column":null}},"type":"binary-expr","locations":[{"start":{"line":66,"column":7},"end":{"line":66,"column":null}}]},"10":{"loc":{"start":{"line":78,"column":13},"end":{"line":80,"column":77}},"type":"cond-expr","locations":[{"start":{"line":79,"column":16},"end":{"line":79,"column":null}},{"start":{"line":80,"column":16},"end":{"line":80,"column":77}}]}},"s":{"0":178,"1":9,"2":199,"3":199,"4":199,"5":199,"6":117,"7":68,"8":49,"9":49,"10":49,"11":49,"12":46,"13":1,"14":45,"15":45,"16":1,"17":44,"18":44,"19":3,"20":2,"21":49,"22":49,"23":199,"24":93,"25":8},"f":{"0":199,"1":117,"2":49,"3":49,"4":8},"b":{"0":[106,93],"1":[68,49],"2":[1,45],"3":[1,44],"4":[44,39],"5":[2,1],"6":[93,106],"7":[106],"8":[106,99],"9":[106],"10":[6,1]}}
,"D:\\garv\\garvhome\\projs\\nextjs\\2026\\stockers\\app\\components\\ai-gate.tsx": {"path":"D:\\garv\\garvhome\\projs\\nextjs\\2026\\stockers\\app\\components\\ai-gate.tsx","statementMap":{"0":{"start":{"line":104,"column":16},"end":{"line":104,"column":23}},"1":{"start":{"line":11,"column":16},"end":{"line":11,"column":34}},"2":{"start":{"line":119,"column":16},"end":{"line":119,"column":29}},"3":{"start":{"line":44,"column":16},"end":{"line":44,"column":26}},"4":{"start":{"line":3,"column":17},"end":{"line":3,"column":null}},"5":{"start":{"line":4,"column":41},"end":{"line":4,"column":null}},"6":{"start":{"line":5,"column":32},"end":{"line":5,"column":null}},"7":{"start":{"line":12,"column":40},"end":{"line":12,"column":null}},"8":{"start":{"line":13,"column":26},"end":{"line":13,"column":null}},"9":{"start":{"line":15,"column":2},"end":{"line":15,"column":null}},"10":{"start":{"line":15,"column":24},"end":{"line":15,"column":null}},"11":{"start":{"line":17,"column":17},"end":{"line":17,"column":null}},"12":{"start":{"line":19,"column":17},"end":{"line":23,"column":null}},"13":{"start":{"line":20,"column":4},"end":{"line":20,"column":null}},"14":{"start":{"line":21,"column":4},"end":{"line":21,"column":null}},"15":{"start":{"line":22,"column":4},"end":{"line":22,"column":null}},"16":{"start":{"line":45,"column":31},"end":{"line":45,"column":null}},"17":{"start":{"line":46,"column":24},"end":{"line":46,"column":null}},"18":{"start":{"line":47,"column":19},"end":{"line":47,"column":null}},"19":{"start":{"line":105,"column":21},"end":{"line":105,"column":null}},"20":{"start":{"line":132,"column":21},"end":{"line":132,"column":null}}},"fnMap":{"0":{"name":"FeatureLockToggle","decl":{"start":{"line":11,"column":16},"end":{"line":11,"column":34}},"loc":{"start":{"line":11,"column":88},"end":{"line":42,"column":null}}},"1":{"name":"(anonymous_7)","decl":{"start":{"line":19,"column":17},"end":{"line":19,"column":null}},"loc":{"start":{"line":19,"column":17},"end":{"line":23,"column":null}}},"2":{"name":"LockPanel","decl":{"start":{"line":44,"column":16},"end":{"line":44,"column":26}},"loc":{"start":{"line":44,"column":80},"end":{"line":96,"column":null}}},"3":{"name":"AiGate","decl":{"start":{"line":104,"column":16},"end":{"line":104,"column":23}},"loc":{"start":{"line":104,"column":108},"end":{"line":109,"column":null}}},"4":{"name":"GatedSection","decl":{"start":{"line":119,"column":16},"end":{"line":119,"column":29}},"loc":{"start":{"line":131,"column":1},"end":{"line":151,"column":null}}}},"branchMap":{"0":{"loc":{"start":{"line":15,"column":2},"end":{"line":15,"column":null}},"type":"if","locations":[{"start":{"line":15,"column":2},"end":{"line":15,"column":null}},{"start":{},"end":{}}]},"1":{"loc":{"start":{"line":31,"column":21},"end":{"line":31,"column":48}},"type":"cond-expr","locations":[{"start":{"line":31,"column":30},"end":{"line":31,"column":41}},{"start":{"line":31,"column":41},"end":{"line":31,"column":48}}]},"2":{"loc":{"start":{"line":33,"column":8},"end":{"line":35,"column":null}},"type":"cond-expr","locations":[{"start":{"line":34,"column":12},"end":{"line":34,"column":null}},{"start":{"line":35,"column":12},"end":{"line":35,"column":null}}]},"3":{"loc":{"start":{"line":38,"column":32},"end":{"line":38,"column":null}},"type":"cond-expr","locations":[{"start":{"line":38,"column":41},"end":{"line":38,"column":48}},{"start":{"line":38,"column":48},"end":{"line":38,"column":null}}]},"4":{"loc":{"start":{"line":39,"column":7},"end":{"line":39,"column":null}},"type":"cond-expr","locations":[{"start":{"line":39,"column":14},"end":{"line":39,"column":26}},{"start":{"line":39,"column":26},"end":{"line":39,"column":null}}]},"5":{"loc":{"start":{"line":39,"column":26},"end":{"line":39,"column":null}},"type":"cond-expr","locations":[{"start":{"line":39,"column":35},"end":{"line":39,"column":46}},{"start":{"line":39,"column":46},"end":{"line":39,"column":null}}]},"6":{"loc":{"start":{"line":47,"column":19},"end":{"line":47,"column":null}},"type":"binary-expr","locations":[{"start":{"line":47,"column":19},"end":{"line":47,"column":39}},{"start":{"line":47,"column":39},"end":{"line":47,"column":null}}]},"7":{"loc":{"start":{"line":57,"column":8},"end":{"line":61,"column":9}},"type":"cond-expr","locations":[{"start":{"line":57,"column":8},"end":{"line":61,"column":9}}]},"8":{"loc":{"start":{"line":67,"column":7},"end":{"line":67,"column":null}},"type":"binary-expr","locations":[{"start":{"line":67,"column":7},"end":{"line":67,"column":null}}]},"9":{"loc":{"start":{"line":70,"column":12},"end":{"line":77,"column":null}},"type":"cond-expr","locations":[{"start":{"line":70,"column":12},"end":{"line":77,"column":null}}]},"10":{"loc":{"start":{"line":123,"column":2},"end":{"line":123,"column":13}},"type":"default-arg","locations":[{"start":{"line":123,"column":9},"end":{"line":123,"column":13}}]},"11":{"loc":{"start":{"line":136,"column":7},"end":{"line":136,"column":null}},"type":"binary-expr","locations":[{"start":{"line":136,"column":7},"end":{"line":136,"column":null}}]},"12":{"loc":{"start":{"line":142,"column":7},"end":{"line":147,"column":null}},"type":"cond-expr","locations":[{"start":{"line":143,"column":8},"end":{"line":147,"column":null}},{"start":{"line":147,"column":8},"end":{"line":147,"column":null}}]}},"s":{"0":4,"1":3,"2":23,"3":1,"4":2,"5":2,"6":2,"7":8,"8":8,"9":8,"10":3,"11":5,"12":5,"13":1,"14":1,"15":1,"16":4,"17":4,"18":4,"19":20,"20":24},"f":{"0":8,"1":1,"2":4,"3":20,"4":24},"b":{"0":[3,5],"1":[1,4],"2":[1,4],"3":[1,4],"4":[1,4],"5":[1,3],"6":[4,1],"7":[1],"8":[4],"9":[1],"10":[13],"11":[24],"12":[13,11]}}
,"D:\\garv\\garvhome\\projs\\nextjs\\2026\\stockers\\app\\components\\ai-intel-search.tsx": {"path":"D:\\garv\\garvhome\\projs\\nextjs\\2026\\stockers\\app\\components\\ai-intel-search.tsx","statementMap":{"0":{"start":{"line":1083,"column":16},"end":{"line":1083,"column":null}},"1":{"start":{"line":961,"column":16},"end":{"line":961,"column":30}},"2":{"start":{"line":603,"column":16},"end":{"line":603,"column":29}},"3":{"start":{"line":99,"column":13},"end":{"line":99,"column":45}},"4":{"start":{"line":1061,"column":16},"end":{"line":1061,"column":26}},"5":{"start":{"line":548,"column":16},"end":{"line":548,"column":29}},"6":{"start":{"line":689,"column":13},"end":{"line":689,"column":71}},"7":{"start":{"line":767,"column":13},"end":{"line":767,"column":69}},"8":{"start":{"line":805,"column":16},"end":{"line":805,"column":26}},"9":{"start":{"line":880,"column":16},"end":{"line":880,"column":27}},"10":{"start":{"line":701,"column":16},"end":{"line":701,"column":25}},"11":{"start":{"line":92,"column":13},"end":{"line":92,"column":74}},"12":{"start":{"line":242,"column":13},"end":{"line":242,"column":51}},"13":{"start":{"line":422,"column":16},"end":{"line":422,"column":29}},"14":{"start":{"line":73,"column":13},"end":{"line":73,"column":76}},"15":{"start":{"line":513,"column":16},"end":{"line":513,"column":30}},"16":{"start":{"line":83,"column":13},"end":{"line":83,"column":78}},"17":{"start":{"line":949,"column":16},"end":{"line":949,"column":30}},"18":{"start":{"line":111,"column":16},"end":{"line":111,"column":31}},"19":{"start":{"line":291,"column":16},"end":{"line":291,"column":33}},"20":{"start":{"line":684,"column":16},"end":{"line":684,"column":29}},"21":{"start":{"line":102,"column":16},"end":{"line":102,"column":33}},"22":{"start":{"line":785,"column":16},"end":{"line":785,"column":26}},"23":{"start":{"line":266,"column":16},"end":{"line":266,"column":32}},"24":{"start":{"line":3,"column":17},"end":{"line":3,"column":null}},"25":{"start":{"line":4,"column":58},"end":{"line":4,"column":null}},"26":{"start":{"line":5,"column":28},"end":{"line":5,"column":null}},"27":{"start":{"line":16,"column":7},"end":{"line":16,"column":null}},"28":{"start":{"line":26,"column":7},"end":{"line":26,"column":null}},"29":{"start":{"line":27,"column":32},"end":{"line":27,"column":null}},"30":{"start":{"line":28,"column":28},"end":{"line":28,"column":null}},"31":{"start":{"line":73,"column":76},"end":{"line":81,"column":null}},"32":{"start":{"line":83,"column":78},"end":{"line":90,"column":null}},"33":{"start":{"line":92,"column":74},"end":{"line":95,"column":null}},"34":{"start":{"line":99,"column":45},"end":{"line":99,"column":null}},"35":{"start":{"line":103,"column":2},"end":{"line":106,"column":null}},"36":{"start":{"line":112,"column":2},"end":{"line":112,"column":null}},"37":{"start":{"line":208,"column":53},"end":{"line":217,"column":null}},"38":{"start":{"line":219,"column":53},"end":{"line":228,"column":null}},"39":{"start":{"line":230,"column":49},"end":{"line":234,"column":null}},"40":{"start":{"line":236,"column":50},"end":{"line":240,"column":null}},"41":{"start":{"line":242,"column":51},"end":{"line":246,"column":null}},"42":{"start":{"line":248,"column":43},"end":{"line":252,"column":null}},"43":{"start":{"line":267,"column":18},"end":{"line":267,"column":null}},"44":{"start":{"line":268,"column":2},"end":{"line":268,"column":null}},"45":{"start":{"line":268,"column":30},"end":{"line":268,"column":null}},"46":{"start":{"line":270,"column":2},"end":{"line":273,"column":null}},"47":{"start":{"line":271,"column":24},"end":{"line":271,"column":87}},"48":{"start":{"line":272,"column":21},"end":{"line":272,"column":null}},"49":{"start":{"line":278,"column":69},"end":{"line":282,"column":null}},"50":{"start":{"line":292,"column":34},"end":{"line":297,"column":null}},"51":{"start":{"line":292,"column":53},"end":{"line":297,"column":null}},"52":{"start":{"line":299,"column":2},"end":{"line":299,"column":null}},"53":{"start":{"line":299,"column":25},"end":{"line":299,"column":null}},"54":{"start":{"line":301,"column":15},"end":{"line":301,"column":22}},"55":{"start":{"line":302,"column":34},"end":{"line":308,"column":null}},"56":{"start":{"line":302,"column":73},"end":{"line":308,"column":null}},"57":{"start":{"line":310,"column":2},"end":{"line":310,"column":null}},"58":{"start":{"line":315,"column":25},"end":{"line":315,"column":null}},"59":{"start":{"line":316,"column":26},"end":{"line":316,"column":null}},"60":{"start":{"line":320,"column":26},"end":{"line":320,"column":null}},"61":{"start":{"line":322,"column":2},"end":{"line":353,"column":null}},"62":{"start":{"line":323,"column":20},"end":{"line":323,"column":null}},"63":{"start":{"line":324,"column":15},"end":{"line":324,"column":null}},"64":{"start":{"line":329,"column":18},"end":{"line":347,"column":null}},"65":{"start":{"line":330,"column":31},"end":{"line":330,"column":33}},"66":{"start":{"line":332,"column":6},"end":{"line":342,"column":null}},"67":{"start":{"line":333,"column":8},"end":{"line":341,"column":null}},"68":{"start":{"line":334,"column":27},"end":{"line":334,"column":null}},"69":{"start":{"line":335,"column":10},"end":{"line":335,"column":null}},"70":{"start":{"line":335,"column":28},"end":{"line":335,"column":null}},"71":{"start":{"line":336,"column":10},"end":{"line":336,"column":null}},"72":{"start":{"line":340,"column":10},"end":{"line":340,"column":null}},"73":{"start":{"line":346,"column":6},"end":{"line":346,"column":null}},"74":{"start":{"line":346,"column":16},"end":{"line":346,"column":null}},"75":{"start":{"line":349,"column":4},"end":{"line":352,"column":null}},"76":{"start":{"line":350,"column":6},"end":{"line":350,"column":null}},"77":{"start":{"line":351,"column":6},"end":{"line":351,"column":null}},"78":{"start":{"line":355,"column":2},"end":{"line":355,"column":null}},"79":{"start":{"line":359,"column":17},"end":{"line":364,"column":null}},"80":{"start":{"line":383,"column":29},"end":{"line":383,"column":null}},"81":{"start":{"line":387,"column":10},"end":{"line":387,"column":35}},"82":{"start":{"line":402,"column":86},"end":{"line":419,"column":null}},"83":{"start":{"line":403,"column":43},"end":{"line":403,"column":53}},"84":{"start":{"line":404,"column":37},"end":{"line":404,"column":47}},"85":{"start":{"line":405,"column":38},"end":{"line":405,"column":49}},"86":{"start":{"line":406,"column":43},"end":{"line":406,"column":88}},"87":{"start":{"line":407,"column":44},"end":{"line":407,"column":118}},"88":{"start":{"line":408,"column":44},"end":{"line":408,"column":116}},"89":{"start":{"line":409,"column":38},"end":{"line":409,"column":92}},"90":{"start":{"line":410,"column":44},"end":{"line":410,"column":102}},"91":{"start":{"line":414,"column":6},"end":{"line":414,"column":125}},"92":{"start":{"line":416,"column":40},"end":{"line":416,"column":101}},"93":{"start":{"line":417,"column":42},"end":{"line":417,"column":117}},"94":{"start":{"line":418,"column":40},"end":{"line":418,"column":109}},"95":{"start":{"line":423,"column":2},"end":{"line":440,"column":null}},"96":{"start":{"line":478,"column":24},"end":{"line":478,"column":null}},"97":{"start":{"line":479,"column":10},"end":{"line":479,"column":null}},"98":{"start":{"line":479,"column":30},"end":{"line":479,"column":null}},"99":{"start":{"line":481,"column":10},"end":{"line":482,"column":34}},"100":{"start":{"line":559,"column":8},"end":{"line":560,"column":null}},"101":{"start":{"line":623,"column":24},"end":{"line":623,"column":null}},"102":{"start":{"line":625,"column":10},"end":{"line":626,"column":28}},"103":{"start":{"line":685,"column":2},"end":{"line":685,"column":null}},"104":{"start":{"line":689,"column":71},"end":{"line":698,"column":null}},"105":{"start":{"line":744,"column":10},"end":{"line":745,"column":null}},"106":{"start":{"line":767,"column":69},"end":{"line":772,"column":null}},"107":{"start":{"line":786,"column":19},"end":{"line":786,"column":null}},"108":{"start":{"line":786,"column":69},"end":{"line":786,"column":94}},"109":{"start":{"line":788,"column":2},"end":{"line":794,"column":null}},"110":{"start":{"line":789,"column":17},"end":{"line":789,"column":39}},"111":{"start":{"line":790,"column":18},"end":{"line":790,"column":40}},"112":{"start":{"line":791,"column":4},"end":{"line":791,"column":null}},"113":{"start":{"line":791,"column":45},"end":{"line":791,"column":null}},"114":{"start":{"line":792,"column":4},"end":{"line":792,"column":null}},"115":{"start":{"line":792,"column":47},"end":{"line":792,"column":null}},"116":{"start":{"line":793,"column":4},"end":{"line":793,"column":null}},"117":{"start":{"line":797,"column":23},"end":{"line":797,"column":null}},"118":{"start":{"line":822,"column":26},"end":{"line":822,"column":null}},"119":{"start":{"line":823,"column":17},"end":{"line":823,"column":null}},"120":{"start":{"line":825,"column":16},"end":{"line":825,"column":null}},"121":{"start":{"line":844,"column":30},"end":{"line":844,"column":null}},"122":{"start":{"line":850,"column":32},"end":{"line":850,"column":null}},"123":{"start":{"line":862,"column":14},"end":{"line":862,"column":40}},"124":{"start":{"line":950,"column":16},"end":{"line":950,"column":null}},"125":{"start":{"line":950,"column":47},"end":{"line":950,"column":76}},"126":{"start":{"line":951,"column":2},"end":{"line":951,"column":null}},"127":{"start":{"line":979,"column":16},"end":{"line":979,"column":null}},"128":{"start":{"line":979,"column":64},"end":{"line":979,"column":null}},"129":{"start":{"line":1027,"column":12},"end":{"line":1028,"column":null}},"130":{"start":{"line":1033,"column":31},"end":{"line":1033,"column":null}},"131":{"start":{"line":1046,"column":31},"end":{"line":1046,"column":null}},"132":{"start":{"line":1062,"column":2},"end":{"line":1062,"column":null}},"133":{"start":{"line":1062,"column":26},"end":{"line":1062,"column":null}},"134":{"start":{"line":1069,"column":10},"end":{"line":1070,"column":null}},"135":{"start":{"line":1072,"column":27},"end":{"line":1072,"column":null}},"136":{"start":{"line":1084,"column":28},"end":{"line":1084,"column":null}},"137":{"start":{"line":1085,"column":32},"end":{"line":1085,"column":null}},"138":{"start":{"line":1086,"column":30},"end":{"line":1086,"column":null}},"139":{"start":{"line":1087,"column":32},"end":{"line":1087,"column":null}},"140":{"start":{"line":1088,"column":28},"end":{"line":1088,"column":null}},"141":{"start":{"line":1089,"column":30},"end":{"line":1089,"column":null}},"142":{"start":{"line":1090,"column":26},"end":{"line":1090,"column":null}},"143":{"start":{"line":1093,"column":28},"end":{"line":1093,"column":null}},"144":{"start":{"line":1094,"column":42},"end":{"line":1094,"column":null}},"145":{"start":{"line":1096,"column":22},"end":{"line":1096,"column":null}},"146":{"start":{"line":1097,"column":20},"end":{"line":1097,"column":null}},"147":{"start":{"line":1099,"column":14},"end":{"line":1134,"column":null}},"148":{"start":{"line":1100,"column":17},"end":{"line":1100,"column":null}},"149":{"start":{"line":1101,"column":4},"end":{"line":1101,"column":null}},"150":{"start":{"line":1101,"column":15},"end":{"line":1101,"column":null}},"151":{"start":{"line":1103,"column":4},"end":{"line":1103,"column":null}},"152":{"start":{"line":1104,"column":4},"end":{"line":1104,"column":null}},"153":{"start":{"line":1107,"column":4},"end":{"line":1107,"column":null}},"154":{"start":{"line":1108,"column":4},"end":{"line":1108,"column":null}},"155":{"start":{"line":1109,"column":4},"end":{"line":1109,"column":null}},"156":{"start":{"line":1110,"column":4},"end":{"line":1110,"column":null}},"157":{"start":{"line":1111,"column":4},"end":{"line":1111,"column":null}},"158":{"start":{"line":1113,"column":4},"end":{"line":1133,"column":null}},"159":{"start":{"line":1114,"column":23},"end":{"line":1118,"column":null}},"160":{"start":{"line":1120,"column":6},"end":{"line":1124,"column":null}},"161":{"start":{"line":1121,"column":8},"end":{"line":1121,"column":null}},"162":{"start":{"line":1122,"column":8},"end":{"line":1122,"column":null}},"163":{"start":{"line":1123,"column":8},"end":{"line":1123,"column":null}},"164":{"start":{"line":1125,"column":6},"end":{"line":1125,"column":null}},"165":{"start":{"line":1125,"column":24},"end":{"line":1125,"column":null}},"166":{"start":{"line":1127,"column":6},"end":{"line":1127,"column":null}},"167":{"start":{"line":1129,"column":6},"end":{"line":1129,"column":null}},"168":{"start":{"line":1130,"column":6},"end":{"line":1130,"column":null}},"169":{"start":{"line":1132,"column":6},"end":{"line":1132,"column":null}},"170":{"start":{"line":1137,"column":23},"end":{"line":1141,"column":null}},"171":{"start":{"line":1138,"column":17},"end":{"line":1138,"column":null}},"172":{"start":{"line":1139,"column":4},"end":{"line":1139,"column":null}},"173":{"start":{"line":1140,"column":4},"end":{"line":1140,"column":null}},"174":{"start":{"line":1140,"column":15},"end":{"line":1140,"column":null}},"175":{"start":{"line":1143,"column":23},"end":{"line":1146,"column":null}},"176":{"start":{"line":1144,"column":4},"end":{"line":1144,"column":null}},"177":{"start":{"line":1145,"column":4},"end":{"line":1145,"column":null}},"178":{"start":{"line":1145,"column":15},"end":{"line":1145,"column":null}},"179":{"start":{"line":1149,"column":22},"end":{"line":1156,"column":null}},"180":{"start":{"line":1150,"column":4},"end":{"line":1150,"column":null}},"181":{"start":{"line":1151,"column":4},"end":{"line":1151,"column":null}},"182":{"start":{"line":1152,"column":4},"end":{"line":1152,"column":null}},"183":{"start":{"line":1153,"column":4},"end":{"line":1153,"column":null}},"184":{"start":{"line":1154,"column":4},"end":{"line":1154,"column":null}},"185":{"start":{"line":1155,"column":4},"end":{"line":1155,"column":null}},"186":{"start":{"line":1159,"column":14},"end":{"line":1164,"column":null}},"187":{"start":{"line":1160,"column":17},"end":{"line":1160,"column":null}},"188":{"start":{"line":1161,"column":4},"end":{"line":1161,"column":null}},"189":{"start":{"line":1162,"column":4},"end":{"line":1162,"column":null}},"190":{"start":{"line":1163,"column":4},"end":{"line":1163,"column":null}},"191":{"start":{"line":1167,"column":23},"end":{"line":1176,"column":null}},"192":{"start":{"line":1168,"column":31},"end":{"line":1172,"column":null}},"193":{"start":{"line":1173,"column":4},"end":{"line":1173,"column":null}},"194":{"start":{"line":1174,"column":4},"end":{"line":1174,"column":null}},"195":{"start":{"line":1175,"column":4},"end":{"line":1175,"column":null}},"196":{"start":{"line":1178,"column":19},"end":{"line":1178,"column":null}},"197":{"start":{"line":1180,"column":20},"end":{"line":1180,"column":null}},"198":{"start":{"line":1208,"column":12},"end":{"line":1208,"column":null}},"199":{"start":{"line":1209,"column":12},"end":{"line":1209,"column":null}},"200":{"start":{"line":1223,"column":16},"end":{"line":1223,"column":null}},"201":{"start":{"line":1224,"column":16},"end":{"line":1224,"column":null}},"202":{"start":{"line":1226,"column":29},"end":{"line":1226,"column":null}},"203":{"start":{"line":1227,"column":29},"end":{"line":1227,"column":null}},"204":{"start":{"line":1229,"column":16},"end":{"line":1229,"column":null}},"205":{"start":{"line":1229,"column":44},"end":{"line":1229,"column":null}},"206":{"start":{"line":1256,"column":18},"end":{"line":1256,"column":55}},"207":{"start":{"line":1261,"column":37},"end":{"line":1261,"column":null}},"208":{"start":{"line":1290,"column":105},"end":{"line":1290,"column":null}},"209":{"start":{"line":1291,"column":108},"end":{"line":1291,"column":null}},"210":{"start":{"line":1292,"column":102},"end":{"line":1292,"column":null}},"211":{"start":{"line":1308,"column":26},"end":{"line":1308,"column":null}},"212":{"start":{"line":1354,"column":16},"end":{"line":1355,"column":null}},"213":{"start":{"line":1357,"column":33},"end":{"line":1357,"column":null}},"214":{"start":{"line":1382,"column":18},"end":{"line":1382,"column":53}},"215":{"start":{"line":1402,"column":65},"end":{"line":1402,"column":null}}},"fnMap":{"0":{"name":"isDefaultFilters","decl":{"start":{"line":102,"column":16},"end":{"line":102,"column":33}},"loc":{"start":{"line":102,"column":54},"end":{"line":108,"column":null}}},"1":{"name":"buildIntelBody","decl":{"start":{"line":111,"column":16},"end":{"line":111,"column":31}},"loc":{"start":{"line":111,"column":67},"end":{"line":113,"column":null}}},"2":{"name":"suggestionsFrom","decl":{"start":{"line":266,"column":16},"end":{"line":266,"column":32}},"loc":{"start":{"line":266,"column":59},"end":{"line":274,"column":null}}},"3":{"name":"(anonymous_29)","decl":{"start":{"line":271,"column":13},"end":{"line":271,"column":14}},"loc":{"start":{"line":271,"column":24},"end":{"line":271,"column":87}}},"4":{"name":"(anonymous_30)","decl":{"start":{"line":272,"column":12},"end":{"line":272,"column":13}},"loc":{"start":{"line":272,"column":21},"end":{"line":272,"column":null}}},"5":{"name":"buildSuggestions","decl":{"start":{"line":291,"column":16},"end":{"line":291,"column":33}},"loc":{"start":{"line":291,"column":51},"end":{"line":311,"column":null}}},"6":{"name":"(anonymous_32)","decl":{"start":{"line":292,"column":43},"end":{"line":292,"column":44}},"loc":{"start":{"line":292,"column":53},"end":{"line":297,"column":null}}},"7":{"name":"(anonymous_33)","decl":{"start":{"line":302,"column":58},"end":{"line":302,"column":59}},"loc":{"start":{"line":302,"column":73},"end":{"line":308,"column":null}}},"8":{"name":"useSuggestions","decl":{"start":{"line":319,"column":9},"end":{"line":319,"column":24}},"loc":{"start":{"line":319,"column":36},"end":{"line":356,"column":null}}},"9":{"name":"(anonymous_35)","decl":{"start":{"line":322,"column":12},"end":{"line":322,"column":null}},"loc":{"start":{"line":322,"column":12},"end":{"line":353,"column":5}}},"10":{"name":"(anonymous_36)","decl":{"start":{"line":329,"column":29},"end":{"line":329,"column":null}},"loc":{"start":{"line":329,"column":29},"end":{"line":347,"column":7}}},"11":{"name":"(anonymous_37)","decl":{"start":{"line":349,"column":11},"end":{"line":349,"column":null}},"loc":{"start":{"line":349,"column":11},"end":{"line":352,"column":null}}},"12":{"name":"FilterSelect","decl":{"start":{"line":366,"column":9},"end":{"line":366,"column":40}},"loc":{"start":{"line":376,"column":1},"end":{"line":394,"column":null}}},"13":{"name":"(anonymous_39)","decl":{"start":{"line":383,"column":18},"end":{"line":383,"column":19}},"loc":{"start":{"line":383,"column":29},"end":{"line":383,"column":null}}},"14":{"name":"(anonymous_40)","decl":{"start":{"line":386,"column":21},"end":{"line":386,"column":22}},"loc":{"start":{"line":387,"column":10},"end":{"line":387,"column":35}}},"15":{"name":"(anonymous_41)","decl":{"start":{"line":403,"column":32},"end":{"line":403,"column":33}},"loc":{"start":{"line":403,"column":43},"end":{"line":403,"column":53}}},"16":{"name":"(anonymous_42)","decl":{"start":{"line":404,"column":26},"end":{"line":404,"column":27}},"loc":{"start":{"line":404,"column":37},"end":{"line":404,"column":47}}},"17":{"name":"(anonymous_43)","decl":{"start":{"line":405,"column":27},"end":{"line":405,"column":28}},"loc":{"start":{"line":405,"column":38},"end":{"line":405,"column":49}}},"18":{"name":"(anonymous_44)","decl":{"start":{"line":406,"column":31},"end":{"line":406,"column":32}},"loc":{"start":{"line":406,"column":43},"end":{"line":406,"column":88}}},"19":{"name":"(anonymous_45)","decl":{"start":{"line":407,"column":32},"end":{"line":407,"column":33}},"loc":{"start":{"line":407,"column":44},"end":{"line":407,"column":118}}},"20":{"name":"(anonymous_46)","decl":{"start":{"line":408,"column":32},"end":{"line":408,"column":33}},"loc":{"start":{"line":408,"column":44},"end":{"line":408,"column":116}}},"21":{"name":"(anonymous_47)","decl":{"start":{"line":409,"column":26},"end":{"line":409,"column":27}},"loc":{"start":{"line":409,"column":38},"end":{"line":409,"column":92}}},"22":{"name":"(anonymous_48)","decl":{"start":{"line":410,"column":32},"end":{"line":410,"column":33}},"loc":{"start":{"line":410,"column":44},"end":{"line":410,"column":102}}},"23":{"name":"(anonymous_49)","decl":{"start":{"line":413,"column":11},"end":{"line":413,"column":12}},"loc":{"start":{"line":414,"column":6},"end":{"line":414,"column":125}}},"24":{"name":"(anonymous_50)","decl":{"start":{"line":416,"column":28},"end":{"line":416,"column":29}},"loc":{"start":{"line":416,"column":40},"end":{"line":416,"column":101}}},"25":{"name":"(anonymous_51)","decl":{"start":{"line":417,"column":30},"end":{"line":417,"column":31}},"loc":{"start":{"line":417,"column":42},"end":{"line":417,"column":117}}},"26":{"name":"(anonymous_52)","decl":{"start":{"line":418,"column":28},"end":{"line":418,"column":29}},"loc":{"start":{"line":418,"column":40},"end":{"line":418,"column":109}}},"27":{"name":"StockProfile","decl":{"start":{"line":422,"column":16},"end":{"line":422,"column":29}},"loc":{"start":{"line":422,"column":94},"end":{"line":502,"column":null}}},"28":{"name":"(anonymous_54)","decl":{"start":{"line":477,"column":25},"end":{"line":477,"column":26}},"loc":{"start":{"line":477,"column":26},"end":{"line":491,"column":null}}},"29":{"name":"convictionBar","decl":{"start":{"line":504,"column":9},"end":{"line":504,"column":23}},"loc":{"start":{"line":504,"column":57},"end":{"line":510,"column":null}}},"30":{"name":"VerdictBanner","decl":{"start":{"line":513,"column":16},"end":{"line":513,"column":30}},"loc":{"start":{"line":513,"column":68},"end":{"line":545,"column":null}}},"31":{"name":"HorizonCards","decl":{"start":{"line":548,"column":16},"end":{"line":548,"column":29}},"loc":{"start":{"line":555,"column":1},"end":{"line":595,"column":null}}},"32":{"name":"(anonymous_58)","decl":{"start":{"line":558,"column":20},"end":{"line":558,"column":21}},"loc":{"start":{"line":559,"column":8},"end":{"line":560,"column":null}}},"33":{"name":"CategoryCard","decl":{"start":{"line":603,"column":16},"end":{"line":603,"column":29}},"loc":{"start":{"line":603,"column":94},"end":{"line":658,"column":null}}},"34":{"name":"(anonymous_60)","decl":{"start":{"line":622,"column":26},"end":{"line":622,"column":27}},"loc":{"start":{"line":622,"column":34},"end":{"line":654,"column":null}}},"35":{"name":"exactPercent","decl":{"start":{"line":684,"column":16},"end":{"line":684,"column":29}},"loc":{"start":{"line":684,"column":61},"end":{"line":686,"column":null}}},"36":{"name":"PeerCard","decl":{"start":{"line":701,"column":16},"end":{"line":701,"column":25}},"loc":{"start":{"line":701,"column":72},"end":{"line":762,"column":null}}},"37":{"name":"(anonymous_63)","decl":{"start":{"line":743,"column":26},"end":{"line":743,"column":27}},"loc":{"start":{"line":744,"column":10},"end":{"line":745,"column":null}}},"38":{"name":"rankPeers","decl":{"start":{"line":785,"column":16},"end":{"line":785,"column":26}},"loc":{"start":{"line":785,"column":92},"end":{"line":795,"column":null}}},"39":{"name":"(anonymous_65)","decl":{"start":{"line":786,"column":60},"end":{"line":786,"column":61}},"loc":{"start":{"line":786,"column":69},"end":{"line":786,"column":94}}},"40":{"name":"(anonymous_66)","decl":{"start":{"line":788,"column":28},"end":{"line":788,"column":29}},"loc":{"start":{"line":788,"column":32},"end":{"line":794,"column":null}}},"41":{"name":"PeerBoard","decl":{"start":{"line":805,"column":16},"end":{"line":805,"column":26}},"loc":{"start":{"line":821,"column":1},"end":{"line":870,"column":null}}},"42":{"name":"(anonymous_68)","decl":{"start":{"line":844,"column":20},"end":{"line":844,"column":21}},"loc":{"start":{"line":844,"column":30},"end":{"line":844,"column":null}}},"43":{"name":"(anonymous_69)","decl":{"start":{"line":850,"column":20},"end":{"line":850,"column":21}},"loc":{"start":{"line":850,"column":32},"end":{"line":850,"column":null}}},"44":{"name":"(anonymous_70)","decl":{"start":{"line":861,"column":29},"end":{"line":861,"column":30}},"loc":{"start":{"line":862,"column":14},"end":{"line":862,"column":40}}},"45":{"name":"PeerBoards","decl":{"start":{"line":880,"column":16},"end":{"line":880,"column":27}},"loc":{"start":{"line":880,"column":59},"end":{"line":903,"column":null}}},"46":{"name":"StarIcon","decl":{"start":{"line":912,"column":9},"end":{"line":912,"column":18}},"loc":{"start":{"line":912,"column":49},"end":{"line":928,"column":null}}},"47":{"name":"CrossIcon","decl":{"start":{"line":930,"column":9},"end":{"line":930,"column":null}},"loc":{"start":{"line":930,"column":9},"end":{"line":936,"column":null}}},"48":{"name":"BroomIcon","decl":{"start":{"line":938,"column":9},"end":{"line":938,"column":null}},"loc":{"start":{"line":938,"column":9},"end":{"line":946,"column":null}}},"49":{"name":"bookmarkLabel","decl":{"start":{"line":949,"column":16},"end":{"line":949,"column":30}},"loc":{"start":{"line":949,"column":53},"end":{"line":952,"column":null}}},"50":{"name":"(anonymous_76)","decl":{"start":{"line":950,"column":35},"end":{"line":950,"column":36}},"loc":{"start":{"line":950,"column":47},"end":{"line":950,"column":76}}},"51":{"name":"BookmarkPanel","decl":{"start":{"line":961,"column":16},"end":{"line":961,"column":30}},"loc":{"start":{"line":978,"column":1},"end":{"line":1058,"column":null}}},"52":{"name":"(anonymous_78)","decl":{"start":{"line":979,"column":53},"end":{"line":979,"column":54}},"loc":{"start":{"line":979,"column":64},"end":{"line":979,"column":null}}},"53":{"name":"(anonymous_79)","decl":{"start":{"line":1026,"column":25},"end":{"line":1026,"column":26}},"loc":{"start":{"line":1027,"column":12},"end":{"line":1028,"column":null}}},"54":{"name":"(anonymous_80)","decl":{"start":{"line":1033,"column":25},"end":{"line":1033,"column":31}},"loc":{"start":{"line":1033,"column":31},"end":{"line":1033,"column":null}}},"55":{"name":"(anonymous_81)","decl":{"start":{"line":1046,"column":25},"end":{"line":1046,"column":31}},"loc":{"start":{"line":1046,"column":31},"end":{"line":1046,"column":null}}},"56":{"name":"FollowUps","decl":{"start":{"line":1061,"column":16},"end":{"line":1061,"column":26}},"loc":{"start":{"line":1061,"column":108},"end":{"line":1081,"column":null}}},"57":{"name":"(anonymous_83)","decl":{"start":{"line":1068,"column":19},"end":{"line":1068,"column":20}},"loc":{"start":{"line":1069,"column":10},"end":{"line":1070,"column":null}}},"58":{"name":"(anonymous_84)","decl":{"start":{"line":1072,"column":21},"end":{"line":1072,"column":27}},"loc":{"start":{"line":1072,"column":27},"end":{"line":1072,"column":null}}},"59":{"name":"AiIntelSearch","decl":{"start":{"line":1083,"column":16},"end":{"line":1083,"column":null}},"loc":{"start":{"line":1083,"column":16},"end":{"line":1416,"column":null}}},"60":{"name":"(anonymous_86)","decl":{"start":{"line":1099,"column":14},"end":{"line":1099,"column":21}},"loc":{"start":{"line":1099,"column":36},"end":{"line":1134,"column":null}}},"61":{"name":"(anonymous_87)","decl":{"start":{"line":1137,"column":23},"end":{"line":1137,"column":24}},"loc":{"start":{"line":1137,"column":24},"end":{"line":1141,"column":null}}},"62":{"name":"(anonymous_88)","decl":{"start":{"line":1143,"column":23},"end":{"line":1143,"column":null}},"loc":{"start":{"line":1143,"column":23},"end":{"line":1146,"column":null}}},"63":{"name":"(anonymous_89)","decl":{"start":{"line":1149,"column":22},"end":{"line":1149,"column":null}},"loc":{"start":{"line":1149,"column":22},"end":{"line":1156,"column":null}}},"64":{"name":"(anonymous_90)","decl":{"start":{"line":1159,"column":14},"end":{"line":1159,"column":15}},"loc":{"start":{"line":1159,"column":30},"end":{"line":1164,"column":null}}},"65":{"name":"(anonymous_91)","decl":{"start":{"line":1167,"column":23},"end":{"line":1167,"column":24}},"loc":{"start":{"line":1167,"column":24},"end":{"line":1176,"column":null}}},"66":{"name":"(anonymous_92)","decl":{"start":{"line":1207,"column":20},"end":{"line":1207,"column":21}},"loc":{"start":{"line":1207,"column":21},"end":{"line":1210,"column":null}}},"67":{"name":"(anonymous_93)","decl":{"start":{"line":1222,"column":24},"end":{"line":1222,"column":25}},"loc":{"start":{"line":1222,"column":25},"end":{"line":1225,"column":null}}},"68":{"name":"(anonymous_94)","decl":{"start":{"line":1226,"column":23},"end":{"line":1226,"column":29}},"loc":{"start":{"line":1226,"column":29},"end":{"line":1226,"column":null}}},"69":{"name":"(anonymous_95)","decl":{"start":{"line":1227,"column":23},"end":{"line":1227,"column":29}},"loc":{"start":{"line":1227,"column":29},"end":{"line":1227,"column":null}}},"70":{"name":"(anonymous_96)","decl":{"start":{"line":1228,"column":25},"end":{"line":1228,"column":26}},"loc":{"start":{"line":1228,"column":26},"end":{"line":1230,"column":null}}},"71":{"name":"(anonymous_97)","decl":{"start":{"line":1255,"column":33},"end":{"line":1255,"column":34}},"loc":{"start":{"line":1256,"column":18},"end":{"line":1256,"column":55}}},"72":{"name":"(anonymous_98)","decl":{"start":{"line":1261,"column":31},"end":{"line":1261,"column":37}},"loc":{"start":{"line":1261,"column":37},"end":{"line":1261,"column":null}}},"73":{"name":"(anonymous_99)","decl":{"start":{"line":1290,"column":94},"end":{"line":1290,"column":95}},"loc":{"start":{"line":1290,"column":105},"end":{"line":1290,"column":null}}},"74":{"name":"(anonymous_100)","decl":{"start":{"line":1291,"column":96},"end":{"line":1291,"column":97}},"loc":{"start":{"line":1291,"column":108},"end":{"line":1291,"column":null}}},"75":{"name":"(anonymous_101)","decl":{"start":{"line":1292,"column":92},"end":{"line":1292,"column":93}},"loc":{"start":{"line":1292,"column":102},"end":{"line":1292,"column":null}}},"76":{"name":"(anonymous_102)","decl":{"start":{"line":1308,"column":20},"end":{"line":1308,"column":26}},"loc":{"start":{"line":1308,"column":26},"end":{"line":1308,"column":null}}},"77":{"name":"(anonymous_103)","decl":{"start":{"line":1353,"column":28},"end":{"line":1353,"column":29}},"loc":{"start":{"line":1354,"column":16},"end":{"line":1355,"column":null}}},"78":{"name":"(anonymous_104)","decl":{"start":{"line":1357,"column":27},"end":{"line":1357,"column":33}},"loc":{"start":{"line":1357,"column":33},"end":{"line":1357,"column":null}}},"79":{"name":"(anonymous_105)","decl":{"start":{"line":1381,"column":35},"end":{"line":1381,"column":36}},"loc":{"start":{"line":1382,"column":18},"end":{"line":1382,"column":53}}},"80":{"name":"(anonymous_106)","decl":{"start":{"line":1402,"column":55},"end":{"line":1402,"column":56}},"loc":{"start":{"line":1402,"column":65},"end":{"line":1402,"column":null}}}},"branchMap":{"0":{"loc":{"start":{"line":104,"column":4},"end":{"line":106,"column":41}},"type":"binary-expr","locations":[{"start":{"line":104,"column":4},"end":{"line":104,"column":43}},{"start":{"line":105,"column":4},"end":{"line":105,"column":45}},{"start":{"line":106,"column":4},"end":{"line":106,"column":41}}]},"1":{"loc":{"start":{"line":266,"column":50},"end":{"line":266,"column":59}},"type":"default-arg","locations":[{"start":{"line":266,"column":58},"end":{"line":266,"column":59}}]},"2":{"loc":{"start":{"line":268,"column":2},"end":{"line":268,"column":null}},"type":"if","locations":[{"start":{"line":268,"column":2},"end":{"line":268,"column":null}},{"start":{},"end":{}}]},"3":{"loc":{"start":{"line":271,"column":24},"end":{"line":271,"column":87}},"type":"binary-expr","locations":[{"start":{"line":271,"column":24},"end":{"line":271,"column":85}},{"start":{"line":271,"column":85},"end":{"line":271,"column":87}}]},"4":{"loc":{"start":{"line":272,"column":21},"end":{"line":272,"column":null}},"type":"binary-expr","locations":[{"start":{"line":272,"column":21},"end":{"line":272,"column":28}},{"start":{"line":272,"column":28},"end":{"line":272,"column":null}}]},"5":{"loc":{"start":{"line":299,"column":2},"end":{"line":299,"column":null}},"type":"if","locations":[{"start":{"line":299,"column":2},"end":{"line":299,"column":null}},{"start":{},"end":{}}]},"6":{"loc":{"start":{"line":332,"column":6},"end":{"line":342,"column":null}},"type":"if","locations":[{"start":{"line":332,"column":6},"end":{"line":342,"column":null}},{"start":{},"end":{}}]},"7":{"loc":{"start":{"line":335,"column":10},"end":{"line":335,"column":null}},"type":"if","locations":[{"start":{"line":335,"column":10},"end":{"line":335,"column":null}},{"start":{},"end":{}}]},"8":{"loc":{"start":{"line":346,"column":6},"end":{"line":346,"column":null}},"type":"if","locations":[{"start":{"line":346,"column":6},"end":{"line":346,"column":null}},{"start":{},"end":{}}]},"9":{"loc":{"start":{"line":406,"column":43},"end":{"line":406,"column":88}},"type":"cond-expr","locations":[{"start":{"line":406,"column":65},"end":{"line":406,"column":72}},{"start":{"line":406,"column":72},"end":{"line":406,"column":88}}]},"10":{"loc":{"start":{"line":407,"column":44},"end":{"line":407,"column":118}},"type":"cond-expr","locations":[{"start":{"line":407,"column":73},"end":{"line":407,"column":80}},{"start":{"line":407,"column":80},"end":{"line":407,"column":118}}]},"11":{"loc":{"start":{"line":408,"column":44},"end":{"line":408,"column":116}},"type":"cond-expr","locations":[{"start":{"line":408,"column":75},"end":{"line":408,"column":82}},{"start":{"line":408,"column":82},"end":{"line":408,"column":116}}]},"12":{"loc":{"start":{"line":409,"column":38},"end":{"line":409,"column":92}},"type":"cond-expr","locations":[{"start":{"line":409,"column":60},"end":{"line":409,"column":67}},{"start":{"line":409,"column":67},"end":{"line":409,"column":92}}]},"13":{"loc":{"start":{"line":410,"column":44},"end":{"line":410,"column":102}},"type":"cond-expr","locations":[{"start":{"line":410,"column":68},"end":{"line":410,"column":75}},{"start":{"line":410,"column":75},"end":{"line":410,"column":102}}]},"14":{"loc":{"start":{"line":414,"column":6},"end":{"line":414,"column":125}},"type":"cond-expr","locations":[{"start":{"line":414,"column":56},"end":{"line":414,"column":63}},{"start":{"line":414,"column":63},"end":{"line":414,"column":125}}]},"15":{"loc":{"start":{"line":414,"column":6},"end":{"line":414,"column":56}},"type":"binary-expr","locations":[{"start":{"line":414,"column":6},"end":{"line":414,"column":31}},{"start":{"line":414,"column":31},"end":{"line":414,"column":56}}]},"16":{"loc":{"start":{"line":416,"column":40},"end":{"line":416,"column":101}},"type":"cond-expr","locations":[{"start":{"line":416,"column":64},"end":{"line":416,"column":71}},{"start":{"line":416,"column":71},"end":{"line":416,"column":101}}]},"17":{"loc":{"start":{"line":417,"column":42},"end":{"line":417,"column":117}},"type":"cond-expr","locations":[{"start":{"line":417,"column":70},"end":{"line":417,"column":77}},{"start":{"line":417,"column":77},"end":{"line":417,"column":117}}]},"18":{"loc":{"start":{"line":418,"column":40},"end":{"line":418,"column":109}},"type":"cond-expr","locations":[{"start":{"line":418,"column":64},"end":{"line":418,"column":71}},{"start":{"line":418,"column":71},"end":{"line":418,"column":109}}]},"19":{"loc":{"start":{"line":423,"column":2},"end":{"line":440,"column":null}},"type":"if","locations":[{"start":{"line":423,"column":2},"end":{"line":440,"column":null}},{"start":{},"end":{}}]},"20":{"loc":{"start":{"line":450,"column":11},"end":{"line":450,"column":43}},"type":"binary-expr","locations":[{"start":{"line":450,"column":11},"end":{"line":450,"column":21}},{"start":{"line":450,"column":25},"end":{"line":450,"column":43}}]},"21":{"loc":{"start":{"line":451,"column":11},"end":{"line":451,"column":53}},"type":"binary-expr","locations":[{"start":{"line":451,"column":11},"end":{"line":451,"column":24}},{"start":{"line":451,"column":28},"end":{"line":451,"column":53}}]},"22":{"loc":{"start":{"line":454,"column":11},"end":{"line":454,"column":85}},"type":"binary-expr","locations":[{"start":{"line":454,"column":11},"end":{"line":454,"column":41}},{"start":{"line":454,"column":41},"end":{"line":454,"column":85}}]},"23":{"loc":{"start":{"line":461,"column":7},"end":{"line":461,"column":null}},"type":"binary-expr","locations":[{"start":{"line":461,"column":7},"end":{"line":461,"column":null}}]},"24":{"loc":{"start":{"line":479,"column":10},"end":{"line":479,"column":null}},"type":"if","locations":[{"start":{"line":479,"column":10},"end":{"line":479,"column":null}},{"start":{},"end":{}}]},"25":{"loc":{"start":{"line":494,"column":7},"end":{"line":494,"column":24}},"type":"binary-expr","locations":[{"start":{"line":494,"column":7},"end":{"line":494,"column":24}}]},"26":{"loc":{"start":{"line":550,"column":2},"end":{"line":550,"column":19}},"type":"default-arg","locations":[{"start":{"line":550,"column":17},"end":{"line":550,"column":19}}]},"27":{"loc":{"start":{"line":575,"column":59},"end":{"line":575,"column":110}},"type":"cond-expr","locations":[{"start":{"line":575,"column":87},"end":{"line":575,"column":106}},{"start":{"line":575,"column":106},"end":{"line":575,"column":110}}]},"28":{"loc":{"start":{"line":580,"column":26},"end":{"line":580,"column":113}},"type":"cond-expr","locations":[{"start":{"line":580,"column":56},"end":{"line":580,"column":62}},{"start":{"line":580,"column":62},"end":{"line":580,"column":113}}]},"29":{"loc":{"start":{"line":586,"column":11},"end":{"line":586,"column":36}},"type":"binary-expr","locations":[{"start":{"line":586,"column":11},"end":{"line":586,"column":36}}]},"30":{"loc":{"start":{"line":606,"column":7},"end":{"line":606,"column":17}},"type":"binary-expr","locations":[{"start":{"line":606,"column":7},"end":{"line":606,"column":17}}]},"31":{"loc":{"start":{"line":623,"column":24},"end":{"line":623,"column":null}},"type":"cond-expr","locations":[{"start":{"line":623,"column":48},"end":{"line":623,"column":73}},{"start":{"line":623,"column":76},"end":{"line":623,"column":null}}]},"32":{"loc":{"start":{"line":628,"column":17},"end":{"line":628,"column":28}},"type":"binary-expr","locations":[{"start":{"line":628,"column":17},"end":{"line":628,"column":28}}]},"33":{"loc":{"start":{"line":637,"column":18},"end":{"line":646,"column":19}},"type":"cond-expr","locations":[{"start":{"line":637,"column":18},"end":{"line":646,"column":19}}]},"34":{"loc":{"start":{"line":685,"column":9},"end":{"line":685,"column":null}},"type":"cond-expr","locations":[{"start":{"line":685,"column":63},"end":{"line":685,"column":85}},{"start":{"line":685,"column":88},"end":{"line":685,"column":null}}]},"35":{"loc":{"start":{"line":685,"column":9},"end":{"line":685,"column":63}},"type":"binary-expr","locations":[{"start":{"line":685,"column":9},"end":{"line":685,"column":38}},{"start":{"line":685,"column":38},"end":{"line":685,"column":63}}]},"36":{"loc":{"start":{"line":727,"column":9},"end":{"line":727,"column":21}},"type":"binary-expr","locations":[{"start":{"line":727,"column":9},"end":{"line":727,"column":21}}]},"37":{"loc":{"start":{"line":786,"column":19},"end":{"line":786,"column":null}},"type":"cond-expr","locations":[{"start":{"line":786,"column":41},"end":{"line":786,"column":48}},{"start":{"line":786,"column":48},"end":{"line":786,"column":null}}]},"38":{"loc":{"start":{"line":791,"column":4},"end":{"line":791,"column":null}},"type":"if","locations":[{"start":{"line":791,"column":4},"end":{"line":791,"column":null}},{"start":{},"end":{}}]},"39":{"loc":{"start":{"line":791,"column":8},"end":{"line":791,"column":45}},"type":"binary-expr","locations":[{"start":{"line":791,"column":8},"end":{"line":791,"column":25}},{"start":{"line":791,"column":25},"end":{"line":791,"column":45}}]},"40":{"loc":{"start":{"line":791,"column":52},"end":{"line":791,"column":null}},"type":"cond-expr","locations":[{"start":{"line":791,"column":92},"end":{"line":791,"column":96}},{"start":{"line":791,"column":96},"end":{"line":791,"column":null}}]},"41":{"loc":{"start":{"line":791,"column":52},"end":{"line":791,"column":92}},"type":"binary-expr","locations":[{"start":{"line":791,"column":52},"end":{"line":791,"column":70}},{"start":{"line":791,"column":70},"end":{"line":791,"column":92}}]},"42":{"loc":{"start":{"line":792,"column":4},"end":{"line":792,"column":null}},"type":"if","locations":[{"start":{"line":792,"column":4},"end":{"line":792,"column":null}},{"start":{},"end":{}}]},"43":{"loc":{"start":{"line":792,"column":8},"end":{"line":792,"column":47}},"type":"binary-expr","locations":[{"start":{"line":792,"column":8},"end":{"line":792,"column":26}},{"start":{"line":792,"column":26},"end":{"line":792,"column":47}}]},"44":{"loc":{"start":{"line":793,"column":11},"end":{"line":793,"column":null}},"type":"cond-expr","locations":[{"start":{"line":793,"column":37},"end":{"line":793,"column":52}},{"start":{"line":793,"column":52},"end":{"line":793,"column":null}}]},"45":{"loc":{"start":{"line":855,"column":8},"end":{"line":859,"column":null}},"type":"cond-expr","locations":[{"start":{"line":855,"column":8},"end":{"line":859,"column":null}}]},"46":{"loc":{"start":{"line":917,"column":12},"end":{"line":917,"column":null}},"type":"cond-expr","locations":[{"start":{"line":917,"column":21},"end":{"line":917,"column":38}},{"start":{"line":917,"column":38},"end":{"line":917,"column":null}}]},"47":{"loc":{"start":{"line":951,"column":9},"end":{"line":951,"column":93}},"type":"cond-expr","locations":[{"start":{"line":951,"column":40},"end":{"line":951,"column":76}},{"start":{"line":951,"column":79},"end":{"line":951,"column":93}}]},"48":{"loc":{"start":{"line":951,"column":9},"end":{"line":951,"column":40}},"type":"binary-expr","locations":[{"start":{"line":951,"column":9},"end":{"line":951,"column":18}},{"start":{"line":951,"column":18},"end":{"line":951,"column":40}}]},"49":{"loc":{"start":{"line":979,"column":16},"end":{"line":979,"column":null}},"type":"binary-expr","locations":[{"start":{"line":979,"column":16},"end":{"line":979,"column":38}},{"start":{"line":979,"column":38},"end":{"line":979,"column":null}}]},"50":{"loc":{"start":{"line":997,"column":22},"end":{"line":997,"column":null}},"type":"cond-expr","locations":[{"start":{"line":997,"column":30},"end":{"line":997,"column":68}},{"start":{"line":997,"column":68},"end":{"line":997,"column":null}}]},"51":{"loc":{"start":{"line":1000,"column":12},"end":{"line":1002,"column":null}},"type":"cond-expr","locations":[{"start":{"line":1001,"column":16},"end":{"line":1001,"column":null}},{"start":{"line":1002,"column":16},"end":{"line":1002,"column":null}}]},"52":{"loc":{"start":{"line":1008,"column":9},"end":{"line":1008,"column":null}},"type":"binary-expr","locations":[{"start":{"line":1008,"column":9},"end":{"line":1008,"column":null}}]},"53":{"loc":{"start":{"line":1021,"column":8},"end":{"line":1025,"column":9}},"type":"cond-expr","locations":[{"start":{"line":1021,"column":8},"end":{"line":1025,"column":9}}]},"54":{"loc":{"start":{"line":1038,"column":17},"end":{"line":1038,"column":null}},"type":"binary-expr","locations":[{"start":{"line":1038,"column":17},"end":{"line":1038,"column":null}}]},"55":{"loc":{"start":{"line":1062,"column":2},"end":{"line":1062,"column":null}},"type":"if","locations":[{"start":{"line":1062,"column":2},"end":{"line":1062,"column":null}},{"start":{},"end":{}}]},"56":{"loc":{"start":{"line":1101,"column":4},"end":{"line":1101,"column":null}},"type":"if","locations":[{"start":{"line":1101,"column":4},"end":{"line":1101,"column":null}},{"start":{},"end":{}}]},"57":{"loc":{"start":{"line":1120,"column":6},"end":{"line":1124,"column":null}},"type":"if","locations":[{"start":{"line":1120,"column":6},"end":{"line":1124,"column":null}},{"start":{},"end":{}}]},"58":{"loc":{"start":{"line":1125,"column":6},"end":{"line":1125,"column":null}},"type":"if","locations":[{"start":{"line":1125,"column":6},"end":{"line":1125,"column":null}},{"start":{},"end":{}}]},"59":{"loc":{"start":{"line":1140,"column":4},"end":{"line":1140,"column":null}},"type":"if","locations":[{"start":{"line":1140,"column":4},"end":{"line":1140,"column":null}},{"start":{},"end":{}}]},"60":{"loc":{"start":{"line":1145,"column":4},"end":{"line":1145,"column":null}},"type":"if","locations":[{"start":{"line":1145,"column":4},"end":{"line":1145,"column":null}},{"start":{},"end":{}}]},"61":{"loc":{"start":{"line":1178,"column":19},"end":{"line":1178,"column":null}},"type":"binary-expr","locations":[{"start":{"line":1178,"column":19},"end":{"line":1178,"column":27}},{"start":{"line":1178,"column":27},"end":{"line":1178,"column":null}}]},"62":{"loc":{"start":{"line":1180,"column":20},"end":{"line":1180,"column":null}},"type":"cond-expr","locations":[{"start":{"line":1180,"column":28},"end":{"line":1180,"column":62}},{"start":{"line":1180,"column":62},"end":{"line":1180,"column":null}}]},"63":{"loc":{"start":{"line":1199,"column":11},"end":{"line":1199,"column":null}},"type":"binary-expr","locations":[{"start":{"line":1199,"column":11},"end":{"line":1199,"column":null}}]},"64":{"loc":{"start":{"line":1201,"column":39},"end":{"line":1201,"column":90}},"type":"cond-expr","locations":[{"start":{"line":1201,"column":69},"end":{"line":1201,"column":80}},{"start":{"line":1201,"column":80},"end":{"line":1201,"column":90}}]},"65":{"loc":{"start":{"line":1229,"column":16},"end":{"line":1229,"column":null}},"type":"if","locations":[{"start":{"line":1229,"column":16},"end":{"line":1229,"column":null}},{"start":{},"end":{}}]},"66":{"loc":{"start":{"line":1237,"column":14},"end":{"line":1237,"column":34}},"type":"binary-expr","locations":[{"start":{"line":1237,"column":14},"end":{"line":1237,"column":34}},{"start":{"line":1237,"column":34},"end":{"line":1237,"column":48}}]},"67":{"loc":{"start":{"line":1248,"column":13},"end":{"line":1248,"column":null}},"type":"binary-expr","locations":[{"start":{"line":1248,"column":13},"end":{"line":1248,"column":null}}]},"68":{"loc":{"start":{"line":1261,"column":53},"end":{"line":1261,"column":null}},"type":"cond-expr","locations":[{"start":{"line":1261,"column":79},"end":{"line":1261,"column":102}},{"start":{"line":1261,"column":102},"end":{"line":1261,"column":null}}]},"69":{"loc":{"start":{"line":1270,"column":27},"end":{"line":1270,"column":84}},"type":"cond-expr","locations":[{"start":{"line":1270,"column":53},"end":{"line":1270,"column":76}},{"start":{"line":1270,"column":76},"end":{"line":1270,"column":84}}]},"70":{"loc":{"start":{"line":1282,"column":22},"end":{"line":1282,"column":null}},"type":"binary-expr","locations":[{"start":{"line":1282,"column":22},"end":{"line":1282,"column":33}},{"start":{"line":1282,"column":33},"end":{"line":1282,"column":null}}]},"71":{"loc":{"start":{"line":1285,"column":13},"end":{"line":1285,"column":null}},"type":"cond-expr","locations":[{"start":{"line":1285,"column":23},"end":{"line":1285,"column":38}},{"start":{"line":1285,"column":38},"end":{"line":1285,"column":null}}]},"72":{"loc":{"start":{"line":1317,"column":9},"end":{"line":1317,"column":null}},"type":"binary-expr","locations":[{"start":{"line":1317,"column":9},"end":{"line":1317,"column":null}}]},"73":{"loc":{"start":{"line":1325,"column":9},"end":{"line":1325,"column":21}},"type":"binary-expr","locations":[{"start":{"line":1325,"column":9},"end":{"line":1325,"column":21}},{"start":{"line":1325,"column":21},"end":{"line":1325,"column":null}}]},"74":{"loc":{"start":{"line":1343,"column":9},"end":{"line":1343,"column":21}},"type":"binary-expr","locations":[{"start":{"line":1343,"column":9},"end":{"line":1343,"column":21}},{"start":{"line":1343,"column":21},"end":{"line":1343,"column":null}}]},"75":{"loc":{"start":{"line":1349,"column":9},"end":{"line":1349,"column":21}},"type":"binary-expr","locations":[{"start":{"line":1349,"column":9},"end":{"line":1349,"column":21}},{"start":{"line":1349,"column":21},"end":{"line":1349,"column":32}},{"start":{"line":1349,"column":32},"end":{"line":1349,"column":42}},{"start":{"line":1349,"column":42},"end":{"line":1349,"column":null}}]},"76":{"loc":{"start":{"line":1367,"column":9},"end":{"line":1367,"column":21}},"type":"binary-expr","locations":[{"start":{"line":1367,"column":9},"end":{"line":1367,"column":21}},{"start":{"line":1367,"column":21},"end":{"line":1367,"column":32}},{"start":{"line":1367,"column":32},"end":{"line":1367,"column":42}},{"start":{"line":1367,"column":42},"end":{"line":1367,"column":null}}]},"77":{"loc":{"start":{"line":1371,"column":13},"end":{"line":1371,"column":27}},"type":"binary-expr","locations":[{"start":{"line":1371,"column":13},"end":{"line":1371,"column":27}}]},"78":{"loc":{"start":{"line":1387,"column":13},"end":{"line":1387,"column":25}},"type":"binary-expr","locations":[{"start":{"line":1387,"column":13},"end":{"line":1387,"column":25}}]},"79":{"loc":{"start":{"line":1405,"column":15},"end":{"line":1407,"column":124}},"type":"cond-expr","locations":[{"start":{"line":1406,"column":18},"end":{"line":1406,"column":null}},{"start":{"line":1407,"column":18},"end":{"line":1407,"column":124}}]}},"s":{"0":192,"1":5,"2":5,"3":13,"4":2,"5":1,"6":0,"7":0,"8":2,"9":1,"10":2,"11":0,"12":0,"13":4,"14":0,"15":1,"16":0,"17":3,"18":1,"19":2,"20":4,"21":4,"22":7,"23":4,"24":2,"25":2,"26":2,"27":2,"28":2,"29":2,"30":2,"31":2,"32":2,"33":2,"34":2,"35":375,"36":27,"37":2,"38":2,"39":2,"40":2,"41":2,"42":2,"43":22,"44":22,"45":2,"46":20,"47":38,"48":37,"49":2,"50":20,"51":37,"52":20,"53":1,"54":19,"55":19,"56":57,"57":19,"58":2,"59":2,"60":371,"61":371,"62":217,"63":217,"64":217,"65":30,"66":30,"67":19,"68":19,"69":19,"70":1,"71":18,"72":1,"73":30,"74":29,"75":217,"76":217,"77":217,"78":371,"79":2,"80":11,"81":6291,"82":2,"83":43,"84":43,"85":4
[...]
,"D:\\garv\\garvhome\\projs\\nextjs\\2026\\stockers\\app\\components\\watchlist-card.tsx": {"path":"D:\\garv\\garvhome\\projs\\nextjs\\2026\\stockers\\app\\components\\watchlist-card.tsx","statementMap":{"0":{"start":{"line":20,"column":13},"end":{"line":20,"column":27}},"1":{"start":{"line":52,"column":13},"end":{"line":52,"column":33}},"2":{"start":{"line":110,"column":16},"end":{"line":110,"column":25}},"3":{"start":{"line":172,"column":16},"end":{"line":172,"column":null}},"4":{"start":{"line":37,"column":16},"end":{"line":37,"column":31}},"5":{"start":{"line":3,"column":69},"end":{"line":3,"column":null}},"6":{"start":{"line":4,"column":28},"end":{"line":4,"column":null}},"7":{"start":{"line":5,"column":30},"end":{"line":5,"column":null}},"8":{"start":{"line":6,"column":36},"end":{"line":6,"column":null}},"9":{"start":{"line":7,"column":29},"end":{"line":7,"column":null}},"10":{"start":{"line":18,"column":20},"end":{"line":18,"column":null}},"11":{"start":{"line":20,"column":27},"end":{"line":20,"column":null}},"12":{"start":{"line":26,"column":21},"end":{"line":26,"column":null}},"13":{"start":{"line":38,"column":2},"end":{"line":38,"column":null}},"14":{"start":{"line":38,"column":12},"end":{"line":38,"column":null}},"15":{"start":{"line":39,"column":2},"end":{"line":48,"column":null}},"16":{"start":{"line":40,"column":27},"end":{"line":40,"column":null}},"17":{"start":{"line":41,"column":4},"end":{"line":41,"column":null}},"18":{"start":{"line":41,"column":31},"end":{"line":41,"column":null}},"19":{"start":{"line":42,"column":4},"end":{"line":44,"column":null}},"20":{"start":{"line":43,"column":58},"end":{"line":43,"column":null}},"21":{"start":{"line":47,"column":4},"end":{"line":47,"column":null}},"22":{"start":{"line":52,"column":33},"end":{"line":52,"column":null}},"23":{"start":{"line":61,"column":17},"end":{"line":61,"column":null}},"24":{"start":{"line":64,"column":2},"end":{"line":64,"column":null}},"25":{"start":{"line":65,"column":2},"end":{"line":65,"column":null}},"26":{"start":{"line":66,"column":2},"end":{"line":69,"column":null}},"27":{"start":{"line":67,"column":4},"end":{"line":67,"column":null}},"28":{"start":{"line":68,"column":4},"end":{"line":68,"column":null}},"29":{"start":{"line":75,"column":17},"end":{"line":75,"column":null}},"30":{"start":{"line":76,"column":2},"end":{"line":76,"column":null}},"31":{"start":{"line":76,"column":23},"end":{"line":76,"column":null}},"32":{"start":{"line":77,"column":18},"end":{"line":77,"column":null}},"33":{"start":{"line":78,"column":2},"end":{"line":78,"column":null}},"34":{"start":{"line":79,"column":2},"end":{"line":79,"column":null}},"35":{"start":{"line":86,"column":2},"end":{"line":86,"column":null}},"36":{"start":{"line":86,"column":33},"end":{"line":86,"column":null}},"37":{"start":{"line":90,"column":2},"end":{"line":90,"column":null}},"38":{"start":{"line":90,"column":60},"end":{"line":90,"column":null}},"39":{"start":{"line":91,"column":2},"end":{"line":91,"column":null}},"40":{"start":{"line":95,"column":2},"end":{"line":95,"column":null}},"41":{"start":{"line":95,"column":60},"end":{"line":95,"column":null}},"42":{"start":{"line":96,"column":2},"end":{"line":96,"column":null}},"43":{"start":{"line":100,"column":2},"end":{"line":100,"column":null}},"44":{"start":{"line":100,"column":60},"end":{"line":100,"column":null}},"45":{"start":{"line":101,"column":2},"end":{"line":101,"column":null}},"46":{"start":{"line":111,"column":15},"end":{"line":111,"column":null}},"47":{"start":{"line":111,"column":44},"end":{"line":111,"column":null}},"48":{"start":{"line":112,"column":35},"end":{"line":112,"column":null}},"49":{"start":{"line":116,"column":15},"end":{"line":116,"column":null}},"50":{"start":{"line":117,"column":19},"end":{"line":117,"column":null}},"51":{"start":{"line":141,"column":25},"end":{"line":141,"column":null}},"52":{"start":{"line":158,"column":10},"end":{"line":158,"column":27}},"53":{"start":{"line":176,"column":14},"end":{"line":176,"column":null}},"54":{"start":{"line":177,"column":30},"end":{"line":177,"column":null}},"55":{"start":{"line":179,"column":18},"end":{"line":179,"column":null}},"56":{"start":{"line":181,"column":15},"end":{"line":184,"column":null}},"57":{"start":{"line":182,"column":4},"end":{"line":182,"column":null}},"58":{"start":{"line":183,"column":4},"end":{"line":183,"column":null}},"59":{"start":{"line":186,"column":14},"end":{"line":193,"column":null}},"60":{"start":{"line":188,"column":6},"end":{"line":188,"column":null}},"61":{"start":{"line":189,"column":19},"end":{"line":189,"column":null}},"62":{"start":{"line":190,"column":6},"end":{"line":190,"column":null}},"63":{"start":{"line":190,"column":63},"end":{"line":190,"column":null}},"64":{"start":{"line":191,"column":6},"end":{"line":191,"column":null}},"65":{"start":{"line":199,"column":15},"end":{"line":199,"column":null}},"66":{"start":{"line":199,"column":29},"end":{"line":199,"column":42}},"67":{"start":{"line":201,"column":17},"end":{"line":201,"column":null}},"68":{"start":{"line":201,"column":49},"end":{"line":201,"column":97}},"69":{"start":{"line":201,"column":77},"end":{"line":201,"column":97}},"70":{"start":{"line":202,"column":15},"end":{"line":202,"column":null}},"71":{"start":{"line":221,"column":27},"end":{"line":221,"column":null}},"72":{"start":{"line":230,"column":25},"end":{"line":230,"column":null}},"73":{"start":{"line":240,"column":10},"end":{"line":240,"column":33}}},"fnMap":{"0":{"name":"parseWatchlist","decl":{"start":{"line":37,"column":16},"end":{"line":37,"column":31}},"loc":{"start":{"line":37,"column":49},"end":{"line":49,"column":null}}},"1":{"name":"(anonymous_7)","decl":{"start":{"line":43,"column":30},"end":{"line":43,"column":31}},"loc":{"start":{"line":43,"column":58},"end":{"line":43,"column":null}}},"2":{"name":"subscribeToWatchlist","decl":{"start":{"line":63,"column":9},"end":{"line":63,"column":30}},"loc":{"start":{"line":63,"column":50},"end":{"line":70,"column":null}}},"3":{"name":"(anonymous_9)","decl":{"start":{"line":66,"column":9},"end":{"line":66,"column":null}},"loc":{"start":{"line":66,"column":9},"end":{"line":69,"column":null}}},"4":{"name":"readWatchlist","decl":{"start":{"line":72,"column":9},"end":{"line":72,"column":null}},"loc":{"start":{"line":72,"column":9},"end":{"line":80,"column":null}}},"5":{"name":"notifyWatchlist","decl":{"start":{"line":85,"column":9},"end":{"line":85,"column":null}},"loc":{"start":{"line":85,"column":9},"end":{"line":87,"column":null}}},"6":{"name":"(anonymous_12)","decl":{"start":{"line":86,"column":19},"end":{"line":86,"column":20}},"loc":{"start":{"line":86,"column":33},"end":{"line":86,"column":null}}},"7":{"name":"formatPercent","decl":{"start":{"line":89,"column":9},"end":{"line":89,"column":23}},"loc":{"start":{"line":89,"column":43},"end":{"line":92,"column":null}}},"8":{"name":"formatPrice","decl":{"start":{"line":94,"column":9},"end":{"line":94,"column":21}},"loc":{"start":{"line":94,"column":41},"end":{"line":97,"column":null}}},"9":{"name":"toneFor","decl":{"start":{"line":99,"column":9},"end":{"line":99,"column":17}},"loc":{"start":{"line":99,"column":37},"end":{"line":102,"column":null}}},"10":{"name":"WatchRow","decl":{"start":{"line":110,"column":16},"end":{"line":110,"column":25}},"loc":{"start":{"line":110,"column":101},"end":{"line":170,"column":null}}},"11":{"name":"(anonymous_17)","decl":{"start":{"line":111,"column":33},"end":{"line":111,"column":34}},"loc":{"start":{"line":111,"column":44},"end":{"line":111,"column":null}}},"12":{"name":"(anonymous_18)","decl":{"start":{"line":141,"column":19},"end":{"line":141,"column":25}},"loc":{"start":{"line":141,"column":25},"end":{"line":141,"column":null}}},"13":{"name":"(anonymous_19)","decl":{"start":{"line":157,"column":14},"end":{"line":157,"column":15}},"loc":{"start":{"line":158,"column":10},"end":{"line":158,"column":27}}},"14":{"name":"WatchlistCard","decl":{"start":{"line":172,"column":16},"end":{"line":172,"column":null}},"loc":{"start":{"line":172,"column":16},"end":{"line":255,"column":null}}},"15":{"name":"(anonymous_21)","decl":{"start":{"line":181,"column":27},"end":{"line":181,"column":28}},"loc":{"start":{"line":181,"column":28},"end":{"line":184,"column":5}}},"16":{"name":"(anonymous_22)","decl":{"start":{"line":187,"column":4},"end":{"line":187,"column":5}},"loc":{"start":{"line":187,"column":5},"end":{"line":192,"column":null}}},"17":{"name":"(anonymous_23)","decl":{"start":{"line":199,"column":23},"end":{"line":199,"column":29}},"loc":{"start":{"line":199,"column":29},"end":{"line":199,"column":42}}},"18":{"name":"(anonymous_24)","decl":{"start":{"line":201,"column":29},"end":{"line":201,"column":30}},"loc":{"start":{"line":201,"column":49},"end":{"line":201,"column":97}}},"19":{"name":"(anonymous_25)","decl":{"start":{"line":201,"column":66},"end":{"line":201,"column":67}},"loc":{"start":{"line":201,"column":77},"end":{"line":201,"column":97}}},"20":{"name":"(anonymous_26)","decl":{"start":{"line":221,"column":21},"end":{"line":221,"column":27}},"loc":{"start":{"line":221,"column":27},"end":{"line":221,"column":null}}},"21":{"name":"(anonymous_27)","decl":{"start":{"line":230,"column":19},"end":{"line":230,"column":25}},"loc":{"start":{"line":230,"column":25},"end":{"line":230,"column":null}}},"22":{"name":"(anonymous_28)","decl":{"start":{"line":239,"column":18},"end":{"line":239,"column":19}},"loc":{"start":{"line":240,"column":10},"end":{"line":240,"column":33}}}},"branchMap":{"0":{"loc":{"start":{"line":38,"column":2},"end":{"line":38,"column":null}},"type":"if","locations":[{"start":{"line":38,"column":2},"end":{"line":38,"column":null}},{"start":{},"end":{}}]},"1":{"loc":{"start":{"line":41,"column":4},"end":{"line":41,"column":null}},"type":"if","locations":[{"start":{"line":41,"column":4},"end":{"line":41,"column":null}},{"start":{},"end":{}}]},"2":{"loc":{"start":{"line":43,"column":58},"end":{"line":43,"column":null}},"type":"binary-expr","locations":[{"start":{"line":43,"column":58},"end":{"line":43,"column":87}},{"start":{"line":43,"column":87},"end":{"line":43,"column":null}}]},"3":{"loc":{"start":{"line":76,"column":2},"end":{"line":76,"column":null}},"type":"if","locations":[{"start":{"line":76,"column":2},"end":{"line":76,"column":null}},{"start":{},"end":{}}]},"4":{"loc":{"start":{"line":90,"column":2},"end":{"line":90,"column":null}},"type":"if","locations":[{"start":{"line":90,"column":2},"end":{"line":90,"column":null}},{"start":{},"end":{}}]},"5":{"loc":{"start":{"line":90,"column":6},"end":{"line":90,"column":60}},"type":"binary-expr","locations":[{"start":{"line":90,"column":6},"end":{"line":90,"column":35}},{"start":{"line":90,"column":35},"end":{"line":90,"column":60}}]},"6":{"loc":{"start":{"line":91,"column":12},"end":{"line":91,"column":37}},"type":"cond-expr","locations":[{"start":{"line":91,"column":25},"end":{"line":91,"column":31}},{"start":{"line":91,"column":31},"end":{"line":91,"column":37}}]},"7":{"loc":{"start":{"line":95,"column":2},"end":{"line":95,"column":null}},"type":"if","locations":[{"start":{"line":95,"column":2},"end":{"line":95,"column":null}},{"start":{},"end":{}}]},"8":{"loc":{"start":{"line":95,"column":6},"end":{"line":95,"column":60}},"type":"binary-expr","locations":[{"start":{"line":95,"column":6},"end":{"line":95,"column":35}},{"start":{"line":95,"column":35},"end":{"line":95,"column":60}}]},"9":{"loc":{"start":{"line":100,"column":2},"end":{"line":100,"column":null}},"type":"if","locations":[{"start":{"line":100,"column":2},"end":{"line":100,"column":null}},{"start":{},"end":{}}]},"10":{"loc":{"start":{"line":100,"column":6},"end":{"line":100,"column":60}},"type":"binary-expr","locations":[{"start":{"line":100,"column":6},"end":{"line":100,"column":35}},{"start":{"line":100,"column":35},"end":{"line":100,"column":60}}]},"11":{"loc":{"start":{"line":101,"column":9},"end":{"line":101,"column":null}},"type":"cond-expr","locations":[{"start":{"line":101,"column":22},"end":{"line":101,"column":65}},{"start":{"line":101,"column":65},"end":{"line":101,"column":null}}]},"12":{"loc":{"start":{"line":116,"column":15},"end":{"line":116,"column":null}},"type":"binary-expr","locations":[{"start":{"line":116,"column":15},"end":{"line":116,"column":29}},{"start":{"line":116,"column":29},"end":{"line":116,"column":51}},{"start":{"line":116,"column":51},"end":{"line":116,"column":78}}]},"13":{"loc":{"start":{"line":116,"column":51},"end":{"line":116,"column":78}},"type":"cond-expr","locations":[{"start":{"line":116,"column":61},"end":{"line":116,"column":66}},{"start":{"line":116,"column":66},"end":{"line":116,"column":78}}]},"14":{"loc":{"start":{"line":117,"column":19},"end":{"line":117,"column":null}},"type":"cond-expr","locations":[{"start":{"line":117,"column":26},"end":{"line":117,"column":64}},{"start":{"line":117,"column":67},"end":{"line":117,"column":null}}]},"15":{"loc":{"start":{"line":117,"column":67},"end":{"line":117,"column":null}},"type":"cond-expr","locations":[{"start":{"line":117,"column":90},"end":{"line":117,"column":118}},{"start":{"line":117,"column":121},"end":{"line":117,"column":null}}]},"16":{"loc":{"start":{"line":128,"column":15},"end":{"line":128,"column":null}},"type":"cond-expr","locations":[{"start":{"line":128,"column":25},"end":{"line":128,"column":31}},{"start":{"line":128,"column":31},"end":{"line":128,"column":null}}]},"17":{"loc":{"start":{"line":128,"column":43},"end":{"line":128,"column":null}},"type":"binary-expr","locations":[{"start":{"line":128,"column":43},"end":{"line":128,"column":65}},{"start":{"line":128,"column":65},"end":{"line":128,"column":null}}]},"18":{"loc":{"start":{"line":133,"column":94},"end":{"line":133,"column":124}},"type":"binary-expr","locations":[{"start":{"line":133,"column":94},"end":{"line":133,"column":117}},{"start":{"line":133,"column":117},"end":{"line":133,"column":124}}]},"19":{"loc":{"start":{"line":134,"column":15},"end":{"line":134,"column":null}},"type":"cond-expr","locations":[{"start":{"line":134,"column":25},"end":{"line":134,"column":30}},{"start":{"line":134,"column":30},"end":{"line":134,"column":null}}]},"20":{"loc":{"start":{"line":134,"column":44},"end":{"line":134,"column":null}},"type":"binary-expr","locations":[{"start":{"line":134,"column":44},"end":{"line":134,"column":67}},{"start":{"line":134,"column":67},"end":{"line":134,"column":null}}]},"21":{"loc":{"start":{"line":153,"column":19},"end":{"line":153,"column":49}},"type":"binary-expr","locations":[{"start":{"line":153,"column":19},"end":{"line":153,"column":44}},{"start":{"line":153,"column":44},"end":{"line":153,"column":49}}]},"22":{"loc":{"start":{"line":154,"column":19},"end":{"line":154,"column":49}},"type":"binary-expr","locations":[{"start":{"line":154,"column":19},"end":{"line":154,"column":44}},{"start":{"line":154,"column":44},"end":{"line":154,"column":49}}]},"23":{"loc":{"start":{"line":155,"column":19},"end":{"line":155,"column":48}},"type":"binary-expr","locations":[{"start":{"line":155,"column":19},"end":{"line":155,"column":43}},{"start":{"line":155,"column":43},"end":{"line":155,"column":48}}]},"24":{"loc":{"start":{"line":161,"column":15},"end":{"line":161,"column":null}},"type":"cond-expr","locations":[{"start":{"line":161,"column":25},"end":{"line":161,"column":31}},{"start":{"line":161,"column":31},"end":{"line":161,"column":null}}]},"25":{"loc":{"start":{"line":167,"column":7},"end":{"line":167,"column":19}},"type":"binary-expr","locations":[{"start":{"line":167,"column":7},"end":{"line":167,"column":19}}]},"26":{"loc":{"start":{"line":179,"column":18},"end":{"line":179,"column":null}},"type":"cond-expr","locations":[{"start":{"line":179,"column":33},"end":{"line":179,"column":40}},{"start":{"line":179,"column":40},"end":{"line":179,"column":null}}]},"27":{"loc":{"start":{"line":190,"column":6},"end":{"line":190,"column":null}},"type":"if","locations":[{"start":{"line":190,"column":6},"end":{"line":190,"column":null}},{"start":{},"end":{}}]},"28":{"loc":{"start":{"line":190,"column":10},"end":{"line":190,"column":63}},"type":"binary-expr","locations":[{"start":{"line":190,"column":10},"end":{"line":190,"column":35}},{"start":{"line":190,"column":35},"end":{"line":190,"column":63}}]},"29":{"loc":{"start":{"line":199,"column":29},"end":{"line":199,"column":42}},"type":"binary-expr","locations":[{"start":{"line":199,"column":29},"end":{"line":199,"column":40}},{"start":{"line":199,"column":40},"end":{"line":199,"column":42}}]},"30":{"loc":{"start":{"line":217,"column":8},"end":{"line":228,"column":9}},"type":"cond-expr","locations":[{"start":{"line":217,"column":8},"end":{"line":228,"column":9}}]},"31":{"loc":{"start":{"line":234,"column":11},"end":{"line":234,"column":null}},"type":"cond-expr","locations":[{"start":{"line":234,"column":18},"end":{"line":234,"column":62}},{"start":{"line":234,"column":65},"end":{"line":234,"column":null}}]},"32":{"loc":{"start":{"line":244,"column":7},"end":{"line":244,"column":27}},"type":"binary-expr","locations":[{"start":{"line":244,"column":7},"end":{"line":244,"column":27}},{"start":{"line":244,"column":27},"end":{"line":244,"column":null}}]}},"s":{"0":7,"1":3,"2":6,"3":97,"4":13,"5":2,"6":2,"7":2,"8":2,"9":2,"10":2,"11":2,"12":2,"13":98,"14":2,"15":96,"16":96,"17":95,"18":1,"19":94,"20":331,"21":1,"22":2,"23":2,"24":44,"25":44,"26":44,"27":44,"28":44,"29":218,"30":218,"31":183,"32":35,"33":35,"34":35,"35":3,"36":4,"37":996,"38":908,"39":88,"40":249,"41":227,"42":22,"43":1628,"44":1540,"45":88,"46":407,"47":10989,"48":407,"49":407,"50":407,"51":3,"52":1221,"53":84,"54":84,"55":84,"56":84,"57":3,"58":3,"59":84,"60":2,"61":2,"62":2,"63":1,"64":1,"65":84,"66":84,"67":84,"68":2,"69":4,"70":84,"71":1,"72":3,"73":292},"f":{"0":98,"1":331,"2":44,"3":44,"4":218,"5":3,"6":4,"7":996,"8":249,"9":1628,"10":407,"11":10989,"12":3,"13":1221,"14":84,"15":3,"16":2,"17":84,"18":2,"19":4,"20":1,"21":3,"22":292},"b":{"0":[2,96],"1":[1,94],"2":[331,329],"3":[183,35],"4":[908,88],"5":[996,88],"6":[87,1],"7":[227,22],"8":[249,22],"9":[1540,88],"10":[1628,88],"11":[87,1],"12":[407,4,3],"13":[2,1],"14":[403,4],"15":[1,3],"16":[158,249],"17":[249,227],"18":[407,385],"19":[158,249],"20":[249,227],"21":[407,385],"22":[407,385],"23":[407,385],"24":[474,747],"25":[407],"26":[1,83],"27":[1,1],"28":[2,1],"29":[84,1],"30":[3],"31":[1,80],"32":[84,83]}}
}
