{"D:\\garv\\garvhome\\projs\\nextjs\\2026\\stockers\\app\\components\\bse-trending-board.tsx": {"path":"D:\\garv\\garvhome\\projs\\nextjs\\2026\\stockers\\app\\components\\bse-trending-board.tsx","statementMap":{"0":{"start":{"line":180,"column":16},"end":{"line":180,"column":33}},"1":{"start":{"line":80,"column":16},"end":{"line":80,"column":28}},"2":{"start":{"line":57,"column":16},"end":{"line":57,"column":null}},"3":{"start":{"line":3,"column":34},"end":{"line":3,"column":null}},"4":{"start":{"line":4,"column":28},"end":{"line":4,"column":null}},"5":{"start":{"line":5,"column":30},"end":{"line":5,"column":null}},"6":{"start":{"line":6,"column":35},"end":{"line":6,"column":null}},"7":{"start":{"line":7,"column":99},"end":{"line":7,"column":null}},"8":{"start":{"line":17,"column":7},"end":{"line":17,"column":null}},"9":{"start":{"line":20,"column":76},"end":{"line":20,"column":null}},"10":{"start":{"line":23,"column":75},"end":{"line":27,"column":null}},"11":{"start":{"line":29,"column":21},"end":{"line":34,"column":null}},"12":{"start":{"line":36,"column":21},"end":{"line":41,"column":null}},"13":{"start":{"line":47,"column":18},"end":{"line":47,"column":null}},"14":{"start":{"line":49,"column":51},"end":{"line":55,"column":null}},"15":{"start":{"line":65,"column":17},"end":{"line":65,"column":null}},"16":{"start":{"line":66,"column":2},"end":{"line":66,"column":null}},"17":{"start":{"line":66,"column":12},"end":{"line":66,"column":null}},"18":{"start":{"line":67,"column":2},"end":{"line":67,"column":null}},"19":{"start":{"line":67,"column":26},"end":{"line":67,"column":null}},"20":{"start":{"line":68,"column":2},"end":{"line":68,"column":null}},"21":{"start":{"line":68,"column":22},"end":{"line":68,"column":null}},"22":{"start":{"line":69,"column":2},"end":{"line":69,"column":null}},"23":{"start":{"line":69,"column":20},"end":{"line":69,"column":null}},"24":{"start":{"line":70,"column":2},"end":{"line":70,"column":null}},"25":{"start":{"line":75,"column":2},"end":{"line":75,"column":null}},"26":{"start":{"line":75,"column":27},"end":{"line":75,"column":null}},"27":{"start":{"line":76,"column":2},"end":{"line":76,"column":null}},"28":{"start":{"line":76,"column":25},"end":{"line":76,"column":null}},"29":{"start":{"line":77,"column":2},"end":{"line":77,"column":null}},"30":{"start":{"line":81,"column":19},"end":{"line":81,"column":null}},"31":{"start":{"line":141,"column":87},"end":{"line":141,"column":104}},"32":{"start":{"line":181,"column":26},"end":{"line":181,"column":null}},"33":{"start":{"line":182,"column":26},"end":{"line":182,"column":null}},"34":{"start":{"line":183,"column":34},"end":{"line":183,"column":null}},"35":{"start":{"line":184,"column":26},"end":{"line":184,"column":null}},"36":{"start":{"line":185,"column":26},"end":{"line":185,"column":null}},"37":{"start":{"line":190,"column":18},"end":{"line":190,"column":63}},"38":{"start":{"line":191,"column":30},"end":{"line":191,"column":null}},"39":{"start":{"line":192,"column":15},"end":{"line":192,"column":null}},"40":{"start":{"line":194,"column":14},"end":{"line":194,"column":null}},"41":{"start":{"line":195,"column":35},"end":{"line":195,"column":null}},"42":{"start":{"line":197,"column":15},"end":{"line":197,"column":null}},"43":{"start":{"line":197,"column":29},"end":{"line":197,"column":45}},"44":{"start":{"line":198,"column":17},"end":{"line":198,"column":null}},"45":{"start":{"line":198,"column":47},"end":{"line":198,"column":null}},"46":{"start":{"line":199,"column":19},"end":{"line":199,"column":null}},"47":{"start":{"line":201,"column":23},"end":{"line":206,"column":null}},"48":{"start":{"line":202,"column":4},"end":{"line":202,"column":null}},"49":{"start":{"line":203,"column":4},"end":{"line":203,"column":null}},"50":{"start":{"line":204,"column":4},"end":{"line":204,"column":null}},"51":{"start":{"line":205,"column":4},"end":{"line":205,"column":null}},"52":{"start":{"line":210,"column":18},"end":{"line":217,"column":null}},"53":{"start":{"line":211,"column":4},"end":{"line":211,"column":null}},"54":{"start":{"line":211,"column":41},"end":{"line":211,"column":null}},"55":{"start":{"line":213,"column":19},"end":{"line":213,"column":81}},"56":{"start":{"line":213,"column":45},"end":{"line":213,"column":75}},"57":{"start":{"line":214,"column":18},"end":{"line":214,"column":null}},"58":{"start":{"line":214,"column":49},"end":{"line":214,"column":81}},"59":{"start":{"line":216,"column":4},"end":{"line":216,"column":null}},"60":{"start":{"line":219,"column":39},"end":{"line":227,"column":null}},"61":{"start":{"line":223,"column":23},"end":{"line":223,"column":null}},"62":{"start":{"line":245,"column":10},"end":{"line":246,"column":null}},"63":{"start":{"line":248,"column":27},"end":{"line":248,"column":null}},"64":{"start":{"line":278,"column":33},"end":{"line":278,"column":null}},"65":{"start":{"line":282,"column":14},"end":{"line":282,"column":39}},"66":{"start":{"line":294,"column":33},"end":{"line":294,"column":null}},"67":{"start":{"line":298,"column":14},"end":{"line":298,"column":39}},"68":{"start":{"line":320,"column":25},"end":{"line":320,"column":null}},"69":{"start":{"line":331,"column":24},"end":{"line":331,"column":null}},"70":{"start":{"line":331,"column":56},"end":{"line":331,"column":null}},"71":{"start":{"line":334,"column":24},"end":{"line":334,"column":null}},"72":{"start":{"line":335,"column":10},"end":{"line":337,"column":null}},"73":{"start":{"line":341,"column":29},"end":{"line":341,"column":null}},"74":{"start":{"line":366,"column":14},"end":{"line":366,"column":42}}},"fnMap":{"0":{"name":"buildTrendingUrl","decl":{"start":{"line":57,"column":16},"end":{"line":57,"column":null}},"loc":{"start":{"line":63,"column":14},"end":{"line":71,"column":null}}},"1":{"name":"rankValue","decl":{"start":{"line":74,"column":9},"end":{"line":74,"column":19}},"loc":{"start":{"line":74,"column":58},"end":{"line":78,"column":null}}},"2":{"name":"TrendingRow","decl":{"start":{"line":80,"column":16},"end":{"line":80,"column":28}},"loc":{"start":{"line":80,"column":114},"end":{"line":166,"column":null}}},"3":{"name":"(anonymous_7)","decl":{"start":{"line":141,"column":80},"end":{"line":141,"column":81}},"loc":{"start":{"line":141,"column":87},"end":{"line":141,"column":104}}},"4":{"name":"BseTrendingBoard","decl":{"start":{"line":180,"column":16},"end":{"line":180,"column":33}},"loc":{"start":{"line":180,"column":96},"end":{"line":389,"column":null}}},"5":{"name":"(anonymous_9)","decl":{"start":{"line":197,"column":23},"end":{"line":197,"column":29}},"loc":{"start":{"line":197,"column":29},"end":{"line":197,"column":45}}},"6":{"name":"(anonymous_10)","decl":{"start":{"line":198,"column":35},"end":{"line":198,"column":36}},"loc":{"start":{"line":198,"column":47},"end":{"line":198,"column":null}}},"7":{"name":"(anonymous_11)","decl":{"start":{"line":201,"column":23},"end":{"line":201,"column":null}},"loc":{"start":{"line":201,"column":23},"end":{"line":206,"column":null}}},"8":{"name":"(anonymous_12)","decl":{"start":{"line":210,"column":26},"end":{"line":210,"column":null}},"loc":{"start":{"line":210,"column":26},"end":{"line":217,"column":5}}},"9":{"name":"(anonymous_13)","decl":{"start":{"line":213,"column":36},"end":{"line":213,"column":37}},"loc":{"start":{"line":213,"column":45},"end":{"line":213,"column":75}}},"10":{"name":"(anonymous_14)","decl":{"start":{"line":214,"column":35},"end":{"line":214,"column":36}},"loc":{"start":{"line":214,"column":49},"end":{"line":214,"column":81}}},"11":{"name":"(anonymous_15)","decl":{"start":{"line":223,"column":13},"end":{"line":223,"column":14}},"loc":{"start":{"line":223,"column":23},"end":{"line":223,"column":null}}},"12":{"name":"(anonymous_16)","decl":{"start":{"line":244,"column":26},"end":{"line":244,"column":27}},"loc":{"start":{"line":245,"column":10},"end":{"line":246,"column":null}}},"13":{"name":"(anonymous_17)","decl":{"start":{"line":248,"column":21},"end":{"line":248,"column":27}},"loc":{"start":{"line":248,"column":27},"end":{"line":248,"column":null}}},"14":{"name":"(anonymous_18)","decl":{"start":{"line":278,"column":22},"end":{"line":278,"column":23}},"loc":{"start":{"line":278,"column":33},"end":{"line":278,"column":null}}},"15":{"name":"(anonymous_19)","decl":{"start":{"line":281,"column":30},"end":{"line":281,"column":31}},"loc":{"start":{"line":282,"column":14},"end":{"line":282,"column":39}}},"16":{"name":"(anonymous_20)","decl":{"start":{"line":294,"column":22},"end":{"line":294,"column":23}},"loc":{"start":{"line":294,"column":33},"end":{"line":294,"column":null}}},"17":{"name":"(anonymous_21)","decl":{"start":{"line":297,"column":30},"end":{"line":297,"column":31}},"loc":{"start":{"line":298,"column":14},"end":{"line":298,"column":39}}},"18":{"name":"(anonymous_22)","decl":{"start":{"line":320,"column":19},"end":{"line":320,"column":25}},"loc":{"start":{"line":320,"column":25},"end":{"line":320,"column":null}}},"19":{"name":"(anonymous_23)","decl":{"start":{"line":330,"column":27},"end":{"line":330,"column":28}},"loc":{"start":{"line":330,"column":28},"end":{"line":353,"column":null}}},"20":{"name":"(anonymous_24)","decl":{"start":{"line":331,"column":45},"end":{"line":331,"column":46}},"loc":{"start":{"line":331,"column":56},"end":{"line":331,"column":null}}},"21":{"name":"(anonymous_25)","decl":{"start":{"line":341,"column":23},"end":{"line":341,"column":29}},"loc":{"start":{"line":341,"column":29},"end":{"line":341,"column":null}}},"22":{"name":"(anonymous_26)","decl":{"start":{"line":364,"column":29},"end":{"line":364,"column":30}},"loc":{"start":{"line":366,"column":14},"end":{"line":366,"column":42}}}},"branchMap":{"0":{"loc":{"start":{"line":66,"column":2},"end":{"line":66,"column":null}},"type":"if","locations":[{"start":{"line":66,"column":2},"end":{"line":66,"column":null}},{"start":{},"end":{}}]},"1":{"loc":{"start":{"line":67,"column":2},"end":{"line":67,"column":null}},"type":"if","locations":[{"start":{"line":67,"column":2},"end":{"line":67,"column":null}},{"start":{},"end":{}}]},"2":{"loc":{"start":{"line":68,"column":2},"end":{"line":68,"column":null}},"type":"if","locations":[{"start":{"line":68,"column":2},"end":{"line":68,"column":null}},{"start":{},"end":{}}]},"3":{"loc":{"start":{"line":69,"column":2},"end":{"line":69,"column":null}},"type":"if","locations":[{"start":{"line":69,"column":2},"end":{"line":69,"column":null}},{"start":{},"end":{}}]},"4":{"loc":{"start":{"line":75,"column":2},"end":{"line":75,"column":null}},"type":"if","locations":[{"start":{"line":75,"column":2},"end":{"line":75,"column":null}},{"start":{},"end":{}}]},"5":{"loc":{"start":{"line":75,"column":34},"end":{"line":75,"column":null}},"type":"cond-expr","locations":[{"start":{"line":75,"column":60},"end":{"line":75,"column":66}},{"start":{"line":75,"column":66},"end":{"line":75,"column":null}}]},"6":{"loc":{"start":{"line":76,"column":2},"end":{"line":76,"column":null}},"type":"if","locations":[{"start":{"line":76,"column":2},"end":{"line":76,"column":null}},{"start":{},"end":{}}]},"7":{"loc":{"start":{"line":107,"column":15},"end":{"line":107,"column":null}},"type":"binary-expr","locations":[{"start":{"line":107,"column":15},"end":{"line":107,"column":null}}]},"8":{"loc":{"start":{"line":115,"column":15},"end":{"line":115,"column":25}},"type":"binary-expr","locations":[{"start":{"line":115,"column":15},"end":{"line":115,"column":25}}]},"9":{"loc":{"start":{"line":120,"column":15},"end":{"line":120,"column":26}},"type":"binary-expr","locations":[{"start":{"line":120,"column":15},"end":{"line":120,"column":26}}]},"10":{"loc":{"start":{"line":147,"column":13},"end":{"line":147,"column":82}},"type":"cond-expr","locations":[{"start":{"line":147,"column":42},"end":{"line":147,"column":48}},{"start":{"line":147,"column":48},"end":{"line":147,"column":82}}]},"11":{"loc":{"start":{"line":154,"column":13},"end":{"line":154,"column":null}},"type":"cond-expr","locations":[{"start":{"line":154,"column":46},"end":{"line":154,"column":52}},{"start":{"line":154,"column":52},"end":{"line":154,"column":null}}]},"12":{"loc":{"start":{"line":192,"column":15},"end":{"line":192,"column":null}},"type":"cond-expr","locations":[{"start":{"line":192,"column":40},"end":{"line":192,"column":51}},{"start":{"line":192,"column":54},"end":{"line":192,"column":null}}]},"13":{"loc":{"start":{"line":197,"column":29},"end":{"line":197,"column":45}},"type":"binary-expr","locations":[{"start":{"line":197,"column":29},"end":{"line":197,"column":43}},{"start":{"line":197,"column":43},"end":{"line":197,"column":45}}]},"14":{"loc":{"start":{"line":199,"column":19},"end":{"line":199,"column":null}},"type":"binary-expr","locations":[{"start":{"line":199,"column":19},"end":{"line":199,"column":38}},{"start":{"line":199,"column":38},"end":{"line":199,"column":60}},{"start":{"line":199,"column":60},"end":{"line":199,"column":78}},{"start":{"line":199,"column":78},"end":{"line":199,"column":null}}]},"15":{"loc":{"start":{"line":211,"column":4},"end":{"line":211,"column":null}},"type":"if","locations":[{"start":{"line":211,"column":4},"end":{"line":211,"column":null}},{"start":{},"end":{}}]},"16":{"loc":{"start":{"line":211,"column":8},"end":{"line":211,"column":41}},"type":"binary-expr","locations":[{"start":{"line":211,"column":8},"end":{"line":211,"column":17}},{"start":{"line":211,"column":17},"end":{"line":211,"column":41}}]},"17":{"loc":{"start":{"line":213,"column":46},"end":{"line":213,"column":72}},"type":"binary-expr","locations":[{"start":{"line":213,"column":46},"end":{"line":213,"column":63}},{"start":{"line":213,"column":67},"end":{"line":213,"column":72}}]},"18":{"loc":{"start":{"line":214,"column":56},"end":{"line":214,"column":81}},"type":"binary-expr","locations":[{"start":{"line":214,"column":56},"end":{"line":214,"column":73}},{"start":{"line":214,"column":77},"end":{"line":214,"column":81}}]},"19":{"loc":{"start":{"line":220,"column":10},"end":{"line":220,"column":null}},"type":"binary-expr","locations":[{"start":{"line":220,"column":10},"end":{"line":220,"column":24}},{"start":{"line":220,"column":24},"end":{"line":220,"column":null}}]},"20":{"loc":{"start":{"line":221,"column":11},"end":{"line":221,"column":null}},"type":"binary-expr","locations":[{"start":{"line":221,"column":11},"end":{"line":221,"column":26}},{"start":{"line":221,"column":26},"end":{"line":221,"column":null}}]},"21":{"loc":{"start":{"line":224,"column":10},"end":{"line":224,"column":null}},"type":"cond-expr","locations":[{"start":{"line":224,"column":32},"end":{"line":224,"column":70}},{"start":{"line":224,"column":70},"end":{"line":224,"column":null}}]},"22":{"loc":{"start":{"line":224,"column":10},"end":{"line":224,"column":29}},"type":"binary-expr","locations":[{"start":{"line":224,"column":10},"end":{"line":224,"column":18}},{"start":{"line":224,"column":18},"end":{"line":224,"column":29}}]},"23":{"loc":{"start":{"line":225,"column":8},"end":{"line":225,"column":null}},"type":"cond-expr","locations":[{"start":{"line":225,"column":15},"end":{"line":225,"column":60}},{"start":{"line":225,"column":63},"end":{"line":225,"column":null}}]},"24":{"loc":{"start":{"line":226,"column":11},"end":{"line":226,"column":null}},"type":"binary-expr","locations":[{"start":{"line":226,"column":11},"end":{"line":226,"column":26}},{"start":{"line":226,"column":26},"end":{"line":226,"column":null}}]},"25":{"loc":{"start":{"line":237,"column":11},"end":{"line":237,"column":null}},"type":"cond-expr","locations":[{"start":{"line":237,"column":18},"end":{"line":237,"column":64}},{"start":{"line":237,"column":67},"end":{"line":237,"column":null}}]},"26":{"loc":{"start":{"line":251,"column":14},"end":{"line":253,"column":null}},"type":"cond-expr","locations":[{"start":{"line":252,"column":18},"end":{"line":252,"column":null}},{"start":{"line":253,"column":18},"end":{"line":253,"column":null}}]},"27":{"loc":{"start":{"line":261,"column":7},"end":{"line":261,"column":17}},"type":"binary-expr","locations":[{"start":{"line":261,"column":7},"end":{"line":261,"column":17}}]},"28":{"loc":{"start":{"line":304,"column":11},"end":{"line":304,"column":null}},"type":"binary-expr","locations":[{"start":{"line":304,"column":11},"end":{"line":304,"column":null}}]},"29":{"loc":{"start":{"line":323,"column":12},"end":{"line":325,"column":null}},"type":"cond-expr","locations":[{"start":{"line":324,"column":16},"end":{"line":324,"column":null}},{"start":{"line":325,"column":16},"end":{"line":325,"column":null}}]},"30":{"loc":{"start":{"line":334,"column":24},"end":{"line":334,"column":null}},"type":"binary-expr","locations":[{"start":{"line":334,"column":24},"end":{"line":334,"column":40}},{"start":{"line":334,"column":40},"end":{"line":334,"column":null}}]},"31":{"loc":{"start":{"line":344,"column":16},"end":{"line":346,"column":null}},"type":"cond-expr","locations":[{"start":{"line":345,"column":20},"end":{"line":345,"column":null}},{"start":{"line":346,"column":20},"end":{"line":346,"column":null}}]},"32":{"loc":{"start":{"line":356,"column":7},"end":{"line":356,"column":18}},"type":"binary-expr","locations":[{"start":{"line":356,"column":7},"end":{"line":356,"column":18}}]},"33":{"loc":{"start":{"line":358,"column":7},"end":{"line":358,"column":16}},"type":"binary-expr","locations":[{"start":{"line":358,"column":7},"end":{"line":358,"column":16}}]},"34":{"loc":{"start":{"line":359,"column":7},"end":{"line":359,"column":18}},"type":"binary-expr","locations":[{"start":{"line":359,"column":7},"end":{"line":359,"column":18}}]},"35":{"loc":{"start":{"line":361,"column":7},"end":{"line":361,"column":19}},"type":"binary-expr","locations":[{"start":{"line":361,"column":7},"end":{"line":361,"column":19}},{"start":{"line":361,"column":19},"end":{"line":361,"column":null}}]},"36":{"loc":{"start":{"line":373,"column":7},"end":{"line":373,"column":19}},"type":"binary-expr","locations":[{"start":{"line":373,"column":7},"end":{"line":373,"column":19}},{"start":{"line":373,"column":19},"end":{"line":373,"column":40}},{"start":{"line":373,"column":40},"end":{"line":373,"column":null}}]},"37":{"loc":{"start":{"line":375,"column":11},"end":{"line":377,"column":null}},"type":"cond-expr","locations":[{"start":{"line":376,"column":14},"end":{"line":376,"column":null}},{"start":{"line":377,"column":14},"end":{"line":377,"column":null}}]}},"s":{"0":13,"1":0,"2":2,"3":1,"4":1,"5":1,"6":1,"7":1,"8":1,"9":1,"10":1,"11":1,"12":1,"13":1,"14":1,"15":53,"16":53,"17":9,"18":53,"19":7,"20":53,"21":7,"22":53,"23":7,"24":53,"25":99,"26":91,"27":8,"28":4,"29":4,"30":99,"31":111,"32":51,"33":51,"34":51,"35":51,"36":51,"37":51,"38":51,"39":51,"40":51,"41":51,"42":51,"43":37,"44":51,"45":57,"46":51,"47":51,"48":1,"49":1,"50":1,"51":1,"52":51,"53":37,"54":14,"55":23,"56":63,"57":23,"58":63,"59":23,"60":51,"61":1,"62":153,"63":2,"64":1,"65":204,"66":2,"67":204,"68":1,"69":255,"70":315,"71":255,"72":255,"73":1,"74":99},"f":{"0":53,"1":99,"2":99,"3":111,"4":51,"5":37,"6":57,"7":1,"8":37,"9":63,"10":63,"11":1,"12":153,"13":2,"14":1,"15":204,"16":2,"17":204,"18":1,"19":255,"20":315,"21":1,"22":99},"b":{"0":[9,44],"1":[7,46],"2":[7,46],"3":[7,46],"4":[91,8],"5":[30,61],"6":[4,4],"7":[99],"8":[99],"9":[99],"10":[33,66],"11":[33,66],"12":[29,22],"13":[37,12],"14":[51,43,37,35],"15":[14,23],"16":[37,25],"17":[63,21],"18":[63,21],"19":[51,13],"20":[51,13],"21":[35,16],"22":[51,38],"23":[38,13],"24":[51,13],"25":[38,13],"26":[51,102],"27":[51],"28":[51],"29":[45,6],"30":[255,185],"31":[6,249],"32":[51],"33":[51],"34":[51],"35":[51,39],"36":[51,39,4],"37":[2,1]}}
}
