{"total": {"lines":{"total":6374,"covered":5603,"skipped":0,"pct":87.9},"statements":{"total":7476,"covered":6467,"skipped":0,"pct":86.5},"functions":{"total":2373,"covered":1967,"skipped":0,"pct":82.89},"branches":{"total":5656,"covered":4593,"skipped":0,"pct":81.2},"branchesTrue":{"total":0,"covered":0,"skipped":0,"pct":"Unknown"}}
,"D:\\garv\\garvhome\\projs\\nextjs\\2026\\stockers\\app\\components\\accuracy-matrix-section.tsx": {"lines":{"total":2,"covered":2,"skipped":0,"pct":100},"functions":{"total":1,"covered":1,"skipped":0,"pct":100},"statements":{"total":2,"covered":2,"skipped":0,"pct":100},"branches":{"total":0,"covered":0,"skipped":0,"pct":100}}
,"D:\\garv\\garvhome\\projs\\nextjs\\2026\\stockers\\app\\components\\admin-analytics.tsx": {"lines":{"total":186,"covered":167,"skipped":0,"pct":89.78},"functions":{"total":125,"covered":93,"skipped":0,"pct":74.4},"statements":{"total":220,"covered":185,"skipped":0,"pct":84.09},"branches":{"total":124,"covered":110,"skipped":0,"pct":88.7}}
,"D:\\garv\\garvhome\\projs\\nextjs\\2026\\stockers\\app\\components\\admin-client-reviews.tsx": {"lines":{"total":162,"covered":162,"skipped":0,"pct":100},"functions":{"total":36,"covered":36,"skipped":0,"pct":100},"statements":{"total":175,"covered":175,"skipped":0,"pct":100},"branches":{"total":64,"covered":64,"skipped":0,"pct":100}}
,"D:\\garv\\garvhome\\projs\\nextjs\\2026\\stockers\\app\\components\\admin-users.tsx": {"lines":{"total":196,"covered":164,"skipped":0,"pct":83.67},"functions":{"total":55,"covered":39,"skipped":0,"pct":70.9},"statements":{"total":227,"covered":180,"skipped":0,"pct":79.29},"branches":{"total":175,"covered":137,"skipped":0,"pct":78.28}}
,"D:\\garv\\garvhome\\projs\\nextjs\\2026\\stockers\\app\\components\\ai-analysis-report.tsx": {"lines":{"total":51,"covered":51,"skipped":0,"pct":100},"functions":{"total":17,"covered":17,"skipped":0,"pct":100},"statements":{"total":59,"covered":59,"skipped":0,"pct":100},"branches":{"total":91,"covered":91,"skipped":0,"pct":100}}
,"D:\\garv\\garvhome\\projs\\nextjs\\2026\\stockers\\app\\components\\ai-board-read.tsx": {"lines":{"total":85,"covered":83,"skipped":0,"pct":97.64},"functions":{"total":13,"covered":13,"skipped":0,"pct":100},"statements":{"total":102,"covered":98,"skipped":0,"pct":96.07},"branches":{"total":71,"covered":62,"skipped":0,"pct":87.32}}
,"D:\\garv\\garvhome\\projs\\nextjs\\2026\\stockers\\app\\components\\ai-gate.tsx": {"lines":{"total":43,"covered":43,"skipped":0,"pct":100},"functions":{"total":15,"covered":15,"skipped":0,"pct":100},"statements":{"total":48,"covered":47,"skipped":0,"pct":97.91},"branches":{"total":38,"covered":32,"skipped":0,"pct":84.21}}
,"D:\\garv\\garvhome\\projs\\nextjs\\2026\\stockers\\app\\components\\ai-intel-search.tsx": {"lines":{"total":194,"covered":194,"skipped":0,"pct":100},"functions":{"total":81,"covered":81,"skipped":0,"pct":100},"statements":{"total":219,"covered":213,"skipped":0,"pct":97.26},"branches":{"total":149,"covered":149,"skipped":0,"pct":100}}
,"D:\\garv\\garvhome\\projs\\nextjs\\2026\\stockers\\app\\components\\ai-report-modal-lazy.tsx": {"lines":{"total":6,"covered":6,"skipped":0,"pct":100},"functions":{"total":4,"covered":4,"skipped":0,"pct":100},"statements":{"total":9,"covered":9,"skipped":0,"pct":100},"branches":{"total":2,"covered":2,"skipped":0,"pct":100}}
,"D:\\garv\\garvhome\\projs\\nextjs\\2026\\stockers\\app\\components\\ai-report-modal.tsx": {"lines":{"total":41,"covered":41,"skipped":0,"pct":100},"functions":{"total":14,"covered":14,"skipped":0,"pct":100},"statements":{"total":49,"covered":49,"skipped":0,"pct":100},"branches":{"total":98,"covered":98,"skipped":0,"pct":100}}
,"D:\\garv\\garvhome\\projs\\nextjs\\2026\\stockers\\app\\components\\ai-stock-compare.tsx": {"lines":{"total":40,"covered":40,"skipped":0,"pct":100},"functions":{"total":11,"covered":11,"skipped":0,"pct":100},"statements":{"total":44,"covered":44,"skipped":0,"pct":100},"branches":{"total":64,"covered":63,"skipped":0,"pct":98.43}}
,"D:\\garv\\garvhome\\projs\\nextjs\\2026\\stockers\\app\\components\\ai-verdict-panel.tsx": {"lines":{"total":113,"covered":112,"skipped":0,"pct":99.11},"functions":{"total":35,"covered":34,"skipped":0,"pct":97.14},"statements":{"total":131,"covered":130,"skipped":0,"pct":99.23},"branches":{"total":62,"covered":61,"skipped":0,"pct":98.38}}
,"D:\\garv\\garvhome\\projs\\nextjs\\2026\\stockers\\app\\components\\analytics-panel.tsx": {"lines":{"total":3,"covered":3,"skipped":0,"pct":100},"functions":{"total":2,"covered":2,"skipped":0,"pct":100},"statements":{"total":3,"covered":3,"skipped":0,"pct":100},"branches":{"total":0,"covered":0,"skipped":0,"pct":100}}
,"D:\\garv\\garvhome\\projs\\nextjs\\2026\\stockers\\app\\components\\apple-modal.tsx": {"lines":{"total":40,"covered":40,"skipped":0,"pct":100},"functions":{"total":14,"covered":14,"skipped":0,"pct":100},"statements":{"total":49,"covered":49,"skipped":0,"pct":100},"branches":{"total":36,"covered":35,"skipped":0,"pct":97.22}}
,"D:\\garv\\garvhome\\projs\\nextjs\\2026\\stockers\\app\\components\\auth-form.tsx": {"lines":{"total":86,"covered":84,"skipped":0,"pct":97.67},"functions":{"total":23,"covered":23,"skipped":0,"pct":100},"statements":{"total":98,"covered":95,"skipped":0,"pct":96.93},"branches":{"total":97,"covered":79,"skipped":0,"pct":81.44}}
,"D:\\garv\\garvhome\\projs\\nextjs\\2026\\stockers\\app\\components\\auth-header.tsx": {"lines":{"total":4,"covered":4,"skipped":0,"pct":100},"functions":{"total":1,"covered":1,"skipped":0,"pct":100},"statements":{"total":4,"covered":4,"skipped":0,"pct":100},"branches":{"total":0,"covered":0,"skipped":0,"pct":100}}
,"D:\\garv\\garvhome\\projs\\nextjs\\2026\\stockers\\app\\components\\back-to-top.tsx": {"lines":{"total":9,"covered":9,"skipped":0,"pct":100},"functions":{"total":5,"covered":5,"skipped":0,"pct":100},"statements":{"total":11,"covered":11,"skipped":0,"pct":100},"branches":{"total":2,"covered":2,"skipped":0,"pct":100}}
,"D:\\garv\\garvhome\\projs\\nextjs\\2026\\stockers\\app\\components\\bse-accuracy-lookup.tsx": {"lines":{"total":174,"covered":0,"skipped":0,"pct":0},"functions":{"total":72,"covered":0,"skipped":0,"pct":0},"statements":{"total":223,"covered":0,"skipped":0,"pct":0},"branches":{"total":265,"covered":0,"skipped":0,"pct":0}}
,"D:\\garv\\garvhome\\projs\\nextjs\\2026\\stockers\\app\\components\\bse-movers-board.tsx": {"lines":{"total":76,"covered":76,"skipped":0,"pct":100},"functions":{"total":30,"covered":30,"skipped":0,"pct":100},"statements":{"total":87,"covered":84,"skipped":0,"pct":96.55},"branches":{"total":98,"covered":95,"skipped":0,"pct":96.93}}
,"D:\\garv\\garvhome\\projs\\nextjs\\2026\\stockers\\app\\components\\bse-sector-movers.tsx": {"lines":{"total":63,"covered":63,"skipped":0,"pct":100},"functions":{"total":25,"covered":25,"skipped":0,"pct":100},"statements":{"total":68,"covered":67,"skipped":0,"pct":98.52},"branches":{"total":110,"covered":108,"skipped":0,"pct":98.18}}
,"D:\\garv\\garvhome\\projs\\nextjs\\2026\\stockers\\app\\components\\bse-stock-directory.tsx": {"lines":{"total":54,"covered":54,"skipped":0,"pct":100},"functions":{"total":23,"covered":23,"skipped":0,"pct":100},"statements":{"total":67,"covered":67,"skipped":0,"pct":100},"branches":{"total":46,"covered":46,"skipped":0,"pct":100}}
,"D:\\garv\\garvhome\\projs\\nextjs\\2026\\stockers\\app\\components\\buy-tomorrow-picks.tsx": {"lines":{"total":43,"covered":43,"skipped":0,"pct":100},"functions":{"total":12,"covered":12,"skipped":0,"pct":100},"statements":{"total":47,"covered":47,"skipped":0,"pct":100},"branches":{"total":26,"covered":26,"skipped":0,"pct":100}}
,"D:\\garv\\garvhome\\projs\\nextjs\\2026\\stockers\\app\\components\\cache-control.tsx": {"lines":{"total":130,"covered":130,"skipped":0,"pct":100},"functions":{"total":60,"covered":60,"skipped":0,"pct":100},"statements":{"total":150,"covered":150,"skipped":0,"pct":100},"branches":{"total":121,"covered":121,"skipped":0,"pct":100}}
,"D:\\garv\\garvhome\\projs\\nextjs\\2026\\stockers\\app\\components\\cap-tier-badge.tsx": {"lines":{"total":8,"covered":8,"skipped":0,"pct":100},"functions":{"total":3,"covered":3,"skipped":0,"pct":100},"statements":{"total":9,"covered":9,"skipped":0,"pct":100},"branches":{"total":10,"covered":10,"skipped":0,"pct":100}}
,"D:\\garv\\garvhome\\projs\\nextjs\\2026\\stockers\\app\\components\\category-icon.tsx": {"lines":{"total":9,"covered":9,"skipped":0,"pct":100},"functions":{"total":3,"covered":3,"skipped":0,"pct":100},"statements":{"total":10,"covered":10,"skipped":0,"pct":100},"branches":{"total":3,"covered":3,"skipped":0,"pct":100}}
,"D:\\garv\\garvhome\\projs\\nextjs\\2026\\stockers\\app\\components\\client-reviews-carousel.tsx": {"lines":{"total":26,"covered":26,"skipped":0,"pct":100},"functions":{"total":22,"covered":22,"skipped":0,"pct":100},"statements":{"total":35,"covered":35,"skipped":0,"pct":100},"branches":{"total":18,"covered":18,"skipped":0,"pct":100}}
,"D:\\garv\\garvhome\\projs\\nextjs\\2026\\stockers\\app\\components\\company-logo.tsx": {"lines":{"total":33,"covered":33,"skipped":0,"pct":100},"functions":{"total":9,"covered":9,"skipped":0,"pct":100},"statements":{"total":36,"covered":36,"skipped":0,"pct":100},"branches":{"total":21,"covered":21,"skipped":0,"pct":100}}
,"D:\\garv\\garvhome\\projs\\nextjs\\2026\\stockers\\app\\components\\contact-form.tsx": {"lines":{"total":32,"covered":32,"skipped":0,"pct":100},"functions":{"total":8,"covered":8,"skipped":0,"pct":100},"statements":{"total":33,"covered":33,"skipped":0,"pct":100},"branches":{"total":11,"covered":11,"skipped":0,"pct":100}}
,"D:\\garv\\garvhome\\projs\\nextjs\\2026\\stockers\\app\\components\\dashboard-client.tsx": {"lines":{"total":97,"covered":95,"skipped":0,"pct":97.93},"functions":{"total":16,"covered":14,"skipped":0,"pct":87.5},"statements":{"total":99,"covered":97,"skipped":0,"pct":97.97},"branches":{"total":30,"covered":30,"skipped":0,"pct":100}}
,"D:\\garv\\garvhome\\projs\\nextjs\\2026\\stockers\\app\\components\\dashboard-overview.tsx": {"lines":{"total":28,"covered":28,"skipped":0,"pct":100},"functions":{"total":4,"covered":4,"skipped":0,"pct":100},"statements":{"total":30,"covered":30,"skipped":0,"pct":100},"branches":{"total":28,"covered":28,"skipped":0,"pct":100}}
,"D:\\garv\\garvhome\\projs\\nextjs\\2026\\stockers\\app\\components\\dashboard-sidebar.tsx": {"lines":{"total":41,"covered":41,"skipped":0,"pct":100},"functions":{"total":42,"covered":42,"skipped":0,"pct":100},"statements":{"total":49,"covered":47,"skipped":0,"pct":95.91},"branches":{"total":41,"covered":41,"skipped":0,"pct":100}}
,"D:\\garv\\garvhome\\projs\\nextjs\\2026\\stockers\\app\\components\\data-table.tsx": {"lines":{"total":119,"covered":102,"skipped":0,"pct":85.71},"functions":{"total":37,"covered":31,"skipped":0,"pct":83.78},"statements":{"total":145,"covered":121,"skipped":0,"pct":83.44},"branches":{"total":127,"covered":100,"skipped":0,"pct":78.74}}
,"D:\\garv\\garvhome\\projs\\nextjs\\2026\\stockers\\app\\components\\dip-winners.tsx": {"lines":{"total":80,"covered":79,"skipped":0,"pct":98.75},"functions":{"total":33,"covered":32,"skipped":0,"pct":96.96},"statements":{"total":91,"covered":90,"skipped":0,"pct":98.9},"branches":{"total":30,"covered":30,"skipped":0,"pct":100}}
,"D:\\garv\\garvhome\\projs\\nextjs\\2026\\stockers\\app\\components\\dividend-board.tsx": {"lines":{"total":63,"covered":63,"skipped":0,"pct":100},"functions":{"total":31,"covered":31,"skipped":0,"pct":100},"statements":{"total":77,"covered":74,"skipped":0,"pct":96.1},"branches":{"total":62,"covered":62,"skipped":0,"pct":100}}
,"D:\\garv\\garvhome\\projs\\nextjs\\2026\\stockers\\app\\components\\etf-board.tsx": {"lines":{"total":43,"covered":43,"skipped":0,"pct":100},"functions":{"total":16,"covered":16,"skipped":0,"pct":100},"statements":{"total":57,"covered":56,"skipped":0,"pct":98.24},"branches":{"total":57,"covered":57,"skipped":0,"pct":100}}
,"D:\\garv\\garvhome\\projs\\nextjs\\2026\\stockers\\app\\components\\etf-research.tsx": {"lines":{"total":29,"covered":29,"skipped":0,"pct":100},"functions":{"total":7,"covered":7,"skipped":0,"pct":100},"statements":{"total":30,"covered":30,"skipped":0,"pct":100},"branches":{"total":7,"covered":7,"skipped":0,"pct":100}}
,"D:\\garv\\garvhome\\projs\\nextjs\\2026\\stockers\\app\\components\\exchange-ticker.tsx": {"lines":{"total":76,"covered":75,"skipped":0,"pct":98.68},"functions":{"total":20,"covered":20,"skipped":0,"pct":100},"statements":{"total":89,"covered":88,"skipped":0,"pct":98.87},"branches":{"total":36,"covered":35,"skipped":0,"pct":97.22}}
,"D:\\garv\\garvhome\\projs\\nextjs\\2026\\stockers\\app\\components\\getting-started.tsx": {"lines":{"total":10,"covered":10,"skipped":0,"pct":100},"functions":{"total":8,"covered":8,"skipped":0,"pct":100},"statements":{"total":10,"covered":10,"skipped":0,"pct":100},"branches":{"total":3,"covered":3,"skipped":0,"pct":100}}
,"D:\\garv\\garvhome\\projs\\nextjs\\2026\\stockers\\app\\components\\head-to-head.tsx": {"lines":{"total":109,"covered":109,"skipped":0,"pct":100},"functions":{"total":40,"covered":40,"skipped":0,"pct":100},"statements":{"total":134,"covered":134,"skipped":0,"pct":100},"branches":{"total":94,"covered":94,"skipped":0,"pct":100}}
,"D:\\garv\\garvhome\\projs\\nextjs\\2026\\stockers\\app\\components\\header-subscription-cta.tsx": {"lines":{"total":26,"covered":26,"skipped":0,"pct":100},"functions":{"total":10,"covered":10,"skipped":0,"pct":100},"statements":{"total":30,"covered":30,"skipped":0,"pct":100},"branches":{"total":16,"covered":16,"skipped":0,"pct":100}}
,"D:\\garv\\garvhome\\projs\\nextjs\\2026\\stockers\\app\\components\\hero-carousel.tsx": {"lines":{"total":19,"covered":19,"skipped":0,"pct":100},"functions":{"total":13,"covered":13,"skipped":0,"pct":100},"statements":{"total":23,"covered":23,"skipped":0,"pct":100},"branches":{"total":10,"covered":8,"skipped":0,"pct":80}}
,"D:\\garv\\garvhome\\projs\\nextjs\\2026\\stockers\\app\\components\\hero-scenes.tsx": {"lines":{"total":133,"covered":121,"skipped":0,"pct":90.97},"functions":{"total":67,"covered":59,"skipped":0,"pct":88.05},"statements":{"total":172,"covered":157,"skipped":0,"pct":91.27},"branches":{"total":157,"covered":122,"skipped":0,"pct":77.7}}
,"D:\\garv\\garvhome\\projs\\nextjs\\2026\\stockers\\app\\components\\indian-etfs-market.tsx": {"lines":{"total":106,"covered":106,"skipped":0,"pct":100},"functions":{"total":38,"covered":38,"skipped":0,"pct":100},"statements":{"total":130,"covered":130,"skipped":0,"pct":100},"branches":{"total":112,"covered":112,"skipped":0,"pct":100}}
,"D:\\garv\\garvhome\\projs\\nextjs\\2026\\stockers\\app\\components\\indian-stocks-market.tsx": {"lines":{"total":110,"covered":110,"skipped":0,"pct":100},"functions":{"total":40,"covered":40,"skipped":0,"pct":100},"statements":{"total":134,"covered":134,"skipped":0,"pct":100},"branches":{"total":113,"covered":113,"skipped":0,"pct":100}}
,"D:\\garv\\garvhome\\projs\\nextjs\\2026\\stockers\\app\\components\\intel-bookmarks.ts": {"lines":{"total":52,"covered":52,"skipped":0,"pct":100},"functions":{"total":22,"covered":22,"skipped":0,"pct":100},"statements":{"total":66,"covered":66,"skipped":0,"pct":100},"branches":{"total":25,"covered":25,"skipped":0,"pct":100}}
,"D:\\garv\\garvhome\\projs\\nextjs\\2026\\stockers\\app\\components\\ipo-listings.tsx": {"lines":{"total":62,"covered":62,"skipped":0,"pct":100},"functions":{"total":25,"covered":25,"skipped":0,"pct":100},"statements":{"total":78,"covered":78,"skipped":0,"pct":100},"branches":{"total":59,"covered":59,"skipped":0,"pct":100}}
,"D:\\garv\\garvhome\\projs\\nextjs\\2026\\stockers\\app\\components\\landing-research.tsx": {"lines":{"total":29,"covered":29,"skipped":0,"pct":100},"functions":{"total":6,"covered":6,"skipped":0,"pct":100},"statements":{"total":30,"covered":30,"skipped":0,"pct":100},"branches":{"total":7,"covered":7,"skipped":0,"pct":100}}
,"D:\\garv\\garvhome\\projs\\nextjs\\2026\\stockers\\app\\components\\live-market-board.tsx": {"lines":{"total":13,"covered":13,"skipped":0,"pct":100},"functions":{"total":4,"covered":4,"skipped":0,"pct":100},"statements":{"total":13,"covered":13,"skipped":0,"pct":100},"branches":{"total":0,"covered":0,"skipped":0,"pct":100}}
,"D:\\garv\\garvhome\\projs\\nextjs\\2026\\stockers\\app\\components\\logo.tsx": {"lines":{"total":6,"covered":6,"skipped":0,"pct":100},"functions":{"total":3,"covered":3,"skipped":0,"pct":100},"statements":{"total":6,"covered":6,"skipped":0,"pct":100},"branches":{"total":15,"covered":15,"skipped":0,"pct":100}}
,"D:\\garv\\garvhome\\projs\\nextjs\\2026\\stockers\\app\\components\\market-badges.tsx": {"lines":{"total":3,"covered":3,"skipped":0,"pct":100},"functions":{"total":2,"covered":2,"skipped":0,"pct":100},"statements":{"total":3,"covered":3,"skipped":0,"pct":100},"branches":{"total":3,"covered":3,"skipped":0,"pct":100}}
,"D:\\garv\\garvhome\\projs\\nextjs\\2026\\stockers\\app\\components\\market-clock.tsx": {"lines":{"total":44,"covered":44,"skipped":0,"pct":100},"functions":{"total":9,"covered":9,"skipped":0,"pct":100},"statements":{"total":51,"covered":51,"skipped":0,"pct":100},"branches":{"total":24,"covered":24,"skipped":0,"pct":100}}
,"D:\\garv\\garvhome\\projs\\nextjs\\2026\\stockers\\app\\components\\market-format.ts": {"lines":{"total":48,"covered":48,"skipped":0,"pct":100},"functions":{"total":9,"covered":9,"skipped":0,"pct":100},"statements":{"total":70,"covered":70,"skipped":0,"pct":100},"branches":{"total":58,"covered":58,"skipped":0,"pct":100}}
,"D:\\garv\\garvhome\\projs\\nextjs\\2026\\stockers\\app\\components\\market-indices.tsx": {"lines":{"total":53,"covered":53,"skipped":0,"pct":100},"functions":{"total":16,"covered":16,"skipped":0,"pct":100},"statements":{"total":66,"covered":66,"skipped":0,"pct":100},"branches":{"total":87,"covered":87,"skipped":0,"pct":100}}
,"D:\\garv\\garvhome\\projs\\nextjs\\2026\\stockers\\app\\components\\market-movers.tsx": {"lines":{"total":21,"covered":21,"skipped":0,"pct":100},"functions":{"total":8,"covered":8,"skipped":0,"pct":100},"statements":{"total":24,"covered":24,"skipped":0,"pct":100},"branches":{"total":18,"covered":18,"skipped":0,"pct":100}}
,"D:\\garv\\garvhome\\projs\\nextjs\\2026\\stockers\\app\\components\\market-news.tsx": {"lines":{"total":91,"covered":91,"skipped":0,"pct":100},"functions":{"total":32,"covered":32,"skipped":0,"pct":100},"statements":{"total":110,"covered":110,"skipped":0,"pct":100},"branches":{"total":117,"covered":117,"skipped":0,"pct":100}}
,"D:\\garv\\garvhome\\projs\\nextjs\\2026\\stockers\\app\\components\\market-pulse-bars.tsx": {"lines":{"total":23,"covered":23,"skipped":0,"pct":100},"functions":{"total":7,"covered":7,"skipped":0,"pct":100},"statements":{"total":32,"covered":32,"skipped":0,"pct":100},"branches":{"total":33,"covered":33,"skipped":0,"pct":100}}
,"D:\\garv\\garvhome\\projs\\nextjs\\2026\\stockers\\app\\components\\market-pulse.tsx": {"lines":{"total":80,"covered":80,"skipped":0,"pct":100},"functions":{"total":19,"covered":19,"skipped":0,"pct":100},"statements":{"total":93,"covered":93,"skipped":0,"pct":100},"branches":{"total":42,"covered":42,"skipped":0,"pct":100}}
,"D:\\garv\\garvhome\\projs\\nextjs\\2026\\stockers\\app\\components\\market-refresher.tsx": {"lines":{"total":22,"covered":22,"skipped":0,"pct":100},"functions":{"total":7,"covered":7,"skipped":0,"pct":100},"statements":{"total":25,"covered":25,"skipped":0,"pct":100},"branches":{"total":7,"covered":7,"skipped":0,"pct":100}}
,"D:\\garv\\garvhome\\projs\\nextjs\\2026\\stockers\\app\\components\\market-section.tsx": {"lines":{"total":50,"covered":50,"skipped":0,"pct":100},"functions":{"total":21,"covered":21,"skipped":0,"pct":100},"statements":{"total":54,"covered":54,"skipped":0,"pct":100},"branches":{"total":27,"covered":27,"skipped":0,"pct":100}}
,"D:\\garv\\garvhome\\projs\\nextjs\\2026\\stockers\\app\\components\\mobile-nav.tsx": {"lines":{"total":20,"covered":20,"skipped":0,"pct":100},"functions":{"total":11,"covered":11,"skipped":0,"pct":100},"statements":{"total":22,"covered":22,"skipped":0,"pct":100},"branches":{"total":7,"covered":7,"skipped":0,"pct":100}}
,"D:\\garv\\garvhome\\projs\\nextjs\\2026\\stockers\\app\\components\\most-traded.tsx": {"lines":{"total":27,"covered":27,"skipped":0,"pct":100},"functions":{"total":10,"covered":10,"skipped":0,"pct":100},"statements":{"total":34,"covered":34,"skipped":0,"pct":100},"branches":{"total":29,"covered":29,"skipped":0,"pct":100}}
,"D:\\garv\\garvhome\\projs\\nextjs\\2026\\stockers\\app\\components\\mover-list.tsx": {"lines":{"total":19,"covered":17,"skipped":0,"pct":89.47},"functions":{"total":12,"covered":10,"skipped":0,"pct":83.33},"statements":{"total":22,"covered":20,"skipped":0,"pct":90.9},"branches":{"total":1,"covered":1,"skipped":0,"pct":100}}
,"D:\\garv\\garvhome\\projs\\nextjs\\2026\\stockers\\app\\components\\mtf-traded.tsx": {"lines":{"total":18,"covered":18,"skipped":0,"pct":100},"functions":{"total":8,"covered":8,"skipped":0,"pct":100},"statements":{"total":22,"covered":22,"skipped":0,"pct":100},"branches":{"total":20,"covered":20,"skipped":0,"pct":100}}
,"D:\\garv\\garvhome\\projs\\nextjs\\2026\\stockers\\app\\components\\ownership-board.tsx": {"lines":{"total":69,"covered":66,"skipped":0,"pct":95.65},"functions":{"total":26,"covered":26,"skipped":0,"pct":100},"statements":{"total":80,"covered":74,"skipped":0,"pct":92.5},"branches":{"total":87,"covered":79,"skipped":0,"pct":90.8}}
,"D:\\garv\\garvhome\\projs\\nextjs\\2026\\stockers\\app\\components\\ownership-modal.tsx": {"lines":{"total":27,"covered":27,"skipped":0,"pct":100},"functions":{"total":9,"covered":9,"skipped":0,"pct":100},"statements":{"total":33,"covered":32,"skipped":0,"pct":96.96},"branches":{"total":24,"covered":22,"skipped":0,"pct":91.66}}
,"D:\\garv\\garvhome\\projs\\nextjs\\2026\\stockers\\app\\components\\pending-subscription-checkout.tsx": {"lines":{"total":64,"covered":51,"skipped":0,"pct":79.68},"functions":{"total":19,"covered":13,"skipped":0,"pct":68.42},"statements":{"total":71,"covered":55,"skipped":0,"pct":77.46},"branches":{"total":55,"covered":39,"skipped":0,"pct":70.9}}
,"D:\\garv\\garvhome\\projs\\nextjs\\2026\\stockers\\app\\components\\pie-chart.tsx": {"lines":{"total":79,"covered":55,"skipped":0,"pct":69.62},"functions":{"total":31,"covered":17,"skipped":0,"pct":54.83},"statements":{"total":92,"covered":62,"skipped":0,"pct":67.39},"branches":{"total":47,"covered":26,"skipped":0,"pct":55.31}}
,"D:\\garv\\garvhome\\projs\\nextjs\\2026\\stockers\\app\\components\\plan-pill.tsx": {"lines":{"total":10,"covered":10,"skipped":0,"pct":100},"functions":{"total":6,"covered":6,"skipped":0,"pct":100},"statements":{"total":12,"covered":12,"skipped":0,"pct":100},"branches":{"total":14,"covered":14,"skipped":0,"pct":100}}
,"D:\\garv\\garvhome\\projs\\nextjs\\2026\\stockers\\app\\components\\policy-page.tsx": {"lines":{"total":16,"covered":16,"skipped":0,"pct":100},"functions":{"total":10,"covered":10,"skipped":0,"pct":100},"statements":{"total":17,"covered":17,"skipped":0,"pct":100},"branches":{"total":9,"covered":9,"skipped":0,"pct":100}}
,"D:\\garv\\garvhome\\projs\\nextjs\\2026\\stockers\\app\\components\\portfolio-card.tsx": {"lines":{"total":3,"covered":3,"skipped":0,"pct":100},"functions":{"total":2,"covered":2,"skipped":0,"pct":100},"statements":{"total":3,"covered":3,"skipped":0,"pct":100},"branches":{"total":0,"covered":0,"skipped":0,"pct":100}}
,"D:\\garv\\garvhome\\projs\\nextjs\\2026\\stockers\\app\\components\\portfolio-chrome.tsx": {"lines":{"total":10,"covered":6,"skipped":0,"pct":60},"functions":{"total":4,"covered":0,"skipped":0,"pct":0},"statements":{"total":12,"covered":7,"skipped":0,"pct":58.33},"branches":{"total":3,"covered":0,"skipped":0,"pct":0}}
,"D:\\garv\\garvhome\\projs\\nextjs\\2026\\stockers\\app\\components\\portfolio-comparison.tsx": {"lines":{"total":31,"covered":10,"skipped":0,"pct":32.25},"functions":{"total":17,"covered":0,"skipped":0,"pct":0},"statements":{"total":37,"covered":10,"skipped":0,"pct":27.02},"branches":{"total":22,"covered":0,"skipped":0,"pct":0}}
,"D:\\garv\\garvhome\\projs\\nextjs\\2026\\stockers\\app\\components\\portfolio-corporate-actions.tsx": {"lines":{"total":36,"covered":10,"skipped":0,"pct":27.77},"functions":{"total":8,"covered":0,"skipped":0,"pct":0},"statements":{"total":41,"covered":10,"skipped":0,"pct":24.39},"branches":{"total":40,"covered":0,"skipped":0,"pct":0}}
,"D:\\garv\\garvhome\\projs\\nextjs\\2026\\stockers\\app\\components\\portfolio-live.tsx": {"lines":{"total":76,"covered":11,"skipped":0,"pct":14.47},"functions":{"total":25,"covered":0,"skipped":0,"pct":0},"statements":{"total":95,"covered":11,"skipped":0,"pct":11.57},"branches":{"total":74,"covered":0,"skipped":0,"pct":0}}
,"D:\\garv\\garvhome\\projs\\nextjs\\2026\\stockers\\app\\components\\portfolio-movers-board.tsx": {"lines":{"total":100,"covered":12,"skipped":0,"pct":12},"functions":{"total":49,"covered":0,"skipped":0,"pct":0},"statements":{"total":121,"covered":12,"skipped":0,"pct":9.91},"branches":{"total":93,"covered":0,"skipped":0,"pct":0}}
,"D:\\garv\\garvhome\\projs\\nextjs\\2026\\stockers\\app\\components\\portfolio-review.tsx": {"lines":{"total":16,"covered":8,"skipped":0,"pct":50},"functions":{"total":7,"covered":0,"skipped":0,"pct":0},"statements":{"total":18,"covered":8,"skipped":0,"pct":44.44},"branches":{"total":15,"covered":0,"skipped":0,"pct":0}}
,"D:\\garv\\garvhome\\projs\\nextjs\\2026\\stockers\\app\\components\\portfolio-screener.tsx": {"lines":{"total":75,"covered":11,"skipped":0,"pct":14.66},"functions":{"total":29,"covered":0,"skipped":0,"pct":0},"statements":{"total":86,"covered":11,"skipped":0,"pct":12.79},"branches":{"total":58,"covered":0,"skipped":0,"pct":0}}
,"D:\\garv\\garvhome\\projs\\nextjs\\2026\\stockers\\app\\components\\portfolio-workspace.tsx": {"lines":{"total":122,"covered":118,"skipped":0,"pct":96.72},"functions":{"total":43,"covered":40,"skipped":0,"pct":93.02},"statements":{"total":133,"covered":128,"skipped":0,"pct":96.24},"branches":{"total":82,"covered":76,"skipped":0,"pct":92.68}}
,"D:\\garv\\garvhome\\projs\\nextjs\\2026\\stockers\\app\\components\\prediction-panel.tsx": {"lines":{"total":2,"covered":2,"skipped":0,"pct":100},"functions":{"total":2,"covered":2,"skipped":0,"pct":100},"statements":{"total":2,"covered":2,"skipped":0,"pct":100},"branches":{"total":0,"covered":0,"skipped":0,"pct":100}}
,"D:\\garv\\garvhome\\projs\\nextjs\\2026\\stockers\\app\\components\\pricing-plans.tsx": {"lines":{"total":30,"covered":29,"skipped":0,"pct":96.66},"functions":{"total":13,"covered":13,"skipped":0,"pct":100},"statements":{"total":32,"covered":31,"skipped":0,"pct":96.87},"branches":{"total":12,"covered":11,"skipped":0,"pct":91.66}}
,"D:\\garv\\garvhome\\projs\\nextjs\\2026\\stockers\\app\\components\\promoter-trend-chart.tsx": {"lines":{"total":92,"covered":80,"skipped":0,"pct":86.95},"functions":{"total":32,"covered":25,"skipped":0,"pct":78.12},"statements":{"total":109,"covered":90,"skipped":0,"pct":82.56},"branches":{"total":79,"covered":51,"skipped":0,"pct":64.55}}
,"D:\\garv\\garvhome\\projs\\nextjs\\2026\\stockers\\app\\components\\razorpay-checkout.tsx": {"lines":{"total":82,"covered":80,"skipped":0,"pct":97.56},"functions":{"total":17,"covered":16,"skipped":0,"pct":94.11},"statements":{"total":93,"covered":91,"skipped":0,"pct":97.84},"branches":{"total":67,"covered":59,"skipped":0,"pct":88.05}}
,"D:\\garv\\garvhome\\projs\\nextjs\\2026\\stockers\\app\\components\\reminder-characters.tsx": {"lines":{"total":9,"covered":9,"skipped":0,"pct":100},"functions":{"total":10,"covered":10,"skipped":0,"pct":100},"statements":{"total":11,"covered":11,"skipped":0,"pct":100},"branches":{"total":0,"covered":0,"skipped":0,"pct":100}}
,"D:\\garv\\garvhome\\projs\\nextjs\\2026\\stockers\\app\\components\\reminder-sound.ts": {"lines":{"total":27,"covered":27,"skipped":0,"pct":100},"functions":{"total":3,"covered":3,"skipped":0,"pct":100},"statements":{"total":30,"covered":30,"skipped":0,"pct":100},"branches":{"total":6,"covered":6,"skipped":0,"pct":100}}
,"D:\\garv\\garvhome\\projs\\nextjs\\2026\\stockers\\app\\components\\reminder-themes.ts": {"lines":{"total":6,"covered":6,"skipped":0,"pct":100},"functions":{"total":2,"covered":2,"skipped":0,"pct":100},"statements":{"total":7,"covered":7,"skipped":0,"pct":100},"branches":{"total":0,"covered":0,"skipped":0,"pct":100}}
,"D:\\garv\\garvhome\\projs\\nextjs\\2026\\stockers\\app\\components\\reminder-voice.ts": {"lines":{"total":42,"covered":42,"skipped":0,"pct":100},"functions":{"total":13,"covered":13,"skipped":0,"pct":100},"statements":{"total":53,"covered":53,"skipped":0,"pct":100},"branches":{"total":23,"covered":23,"skipped":0,"pct":100}}
,"D:\\garv\\garvhome\\projs\\nextjs\\2026\\stockers\\app\\components\\research-cache.ts": {"lines":{"total":18,"covered":18,"skipped":0,"pct":100},"functions":{"total":4,"covered":4,"skipped":0,"pct":100},"statements":{"total":21,"covered":20,"skipped":0,"pct":95.23},"branches":{"total":8,"covered":7,"skipped":0,"pct":87.5}}
,"D:\\garv\\garvhome\\projs\\nextjs\\2026\\stockers\\app\\components\\rest-of-bse.tsx": {"lines":{"total":187,"covered":179,"skipped":0,"pct":95.72},"functions":{"total":84,"covered":79,"skipped":0,"pct":94.04},"statements":{"total":223,"covered":208,"skipped":0,"pct":93.27},"branches":{"total":192,"covered":162,"skipped":0,"pct":84.37}}
,"D:\\garv\\garvhome\\projs\\nextjs\\2026\\stockers\\app\\components\\sector-pill.tsx": {"lines":{"total":10,"covered":9,"skipped":0,"pct":90},"functions":{"total":4,"covered":4,"skipped":0,"pct":100},"statements":{"total":13,"covered":12,"skipped":0,"pct":92.3},"branches":{"total":5,"covered":4,"skipped":0,"pct":80}}
,"D:\\garv\\garvhome\\projs\\nextjs\\2026\\stockers\\app\\components\\sector-showdowns.tsx": {"lines":{"total":15,"covered":15,"skipped":0,"pct":100},"functions":{"total":6,"covered":6,"skipped":0,"pct":100},"statements":{"total":16,"covered":16,"skipped":0,"pct":100},"branches":{"total":14,"covered":14,"skipped":0,"pct":100}}
,"D:\\garv\\garvhome\\projs\\nextjs\\2026\\stockers\\app\\components\\sector-trends.tsx": {"lines":{"total":33,"covered":33,"skipped":0,"pct":100},"functions":{"total":12,"covered":12,"skipped":0,"pct":100},"statements":{"total":42,"covered":42,"skipped":0,"pct":100},"branches":{"total":46,"covered":46,"skipped":0,"pct":100}}
,"D:\\garv\\garvhome\\projs\\nextjs\\2026\\stockers\\app\\components\\site-footer.tsx": {"lines":{"total":6,"covered":6,"skipped":0,"pct":100},"functions":{"total":3,"covered":3,"skipped":0,"pct":100},"statements":{"total":6,"covered":6,"skipped":0,"pct":100},"branches":{"total":0,"covered":0,"skipped":0,"pct":100}}
,"D:\\garv\\garvhome\\projs\\nextjs\\2026\\stockers\\app\\components\\stock-combobox.tsx": {"lines":{"total":99,"covered":99,"skipped":0,"pct":100},"functions":{"total":24,"covered":24,"skipped":0,"pct":100},"statements":{"total":112,"covered":112,"skipped":0,"pct":100},"branches":{"total":96,"covered":95,"skipped":0,"pct":98.95}}
,"D:\\garv\\garvhome\\projs\\nextjs\\2026\\stockers\\app\\components\\stock-detail-modal.tsx": {"lines":{"total":119,"covered":112,"skipped":0,"pct":94.11},"functions":{"total":52,"covered":47,"skipped":0,"pct":90.38},"statements":{"total":139,"covered":130,"skipped":0,"pct":93.52},"branches":{"total":111,"covered":98,"skipped":0,"pct":88.28}}
,"D:\\garv\\garvhome\\projs\\nextjs\\2026\\stockers\\app\\components\\stock-detail-provider.tsx": {"lines":{"total":18,"covered":18,"skipped":0,"pct":100},"functions":{"total":12,"covered":12,"skipped":0,"pct":100},"statements":{"total":23,"covered":23,"skipped":0,"pct":100},"branches":{"total":4,"covered":4,"skipped":0,"pct":100}}
,"D:\\garv\\garvhome\\projs\\nextjs\\2026\\stockers\\app\\components\\stock-explorer.tsx": {"lines":{"total":75,"covered":75,"skipped":0,"pct":100},"functions":{"total":30,"covered":30,"skipped":0,"pct":100},"statements":{"total":92,"covered":92,"skipped":0,"pct":100},"branches":{"total":45,"covered":45,"skipped":0,"pct":100}}
,"D:\\garv\\garvhome\\projs\\nextjs\\2026\\stockers\\app\\components\\stock-picker.tsx": {"lines":{"total":52,"covered":52,"skipped":0,"pct":100},"functions":{"total":25,"covered":25,"skipped":0,"pct":100},"statements":{"total":63,"covered":63,"skipped":0,"pct":100},"branches":{"total":32,"covered":31,"skipped":0,"pct":96.87}}
,"D:\\garv\\garvhome\\projs\\nextjs\\2026\\stockers\\app\\components\\stock-returns.tsx": {"lines":{"total":25,"covered":25,"skipped":0,"pct":100},"functions":{"total":6,"covered":6,"skipped":0,"pct":100},"statements":{"total":30,"covered":30,"skipped":0,"pct":100},"branches":{"total":43,"covered":43,"skipped":0,"pct":100}}
,"D:\\garv\\garvhome\\projs\\nextjs\\2026\\stockers\\app\\components\\stock-search.tsx": {"lines":{"total":13,"covered":13,"skipped":0,"pct":100},"functions":{"total":6,"covered":6,"skipped":0,"pct":100},"statements":{"total":14,"covered":14,"skipped":0,"pct":100},"branches":{"total":4,"covered":4,"skipped":0,"pct":100}}
,"D:\\garv\\garvhome\\projs\\nextjs\\2026\\stockers\\app\\components\\stocks-in-news.tsx": {"lines":{"total":39,"covered":39,"skipped":0,"pct":100},"functions":{"total":13,"covered":13,"skipped":0,"pct":100},"statements":{"total":45,"covered":45,"skipped":0,"pct":100},"branches":{"total":44,"covered":44,"skipped":0,"pct":100}}
,"D:\\garv\\garvhome\\projs\\nextjs\\2026\\stockers\\app\\components\\streamed-boards.tsx": {"lines":{"total":15,"covered":15,"skipped":0,"pct":100},"functions":{"total":5,"covered":5,"skipped":0,"pct":100},"statements":{"total":15,"covered":15,"skipped":0,"pct":100},"branches":{"total":0,"covered":0,"skipped":0,"pct":100}}
,"D:\\garv\\garvhome\\projs\\nextjs\\2026\\stockers\\app\\components\\streamed-client-reviews.tsx": {"lines":{"total":7,"covered":7,"skipped":0,"pct":100},"functions":{"total":4,"covered":4,"skipped":0,"pct":100},"statements":{"total":7,"covered":7,"skipped":0,"pct":100},"branches":{"total":0,"covered":0,"skipped":0,"pct":100}}
,"D:\\garv\\garvhome\\projs\\nextjs\\2026\\stockers\\app\\components\\streamed-ownership-board.tsx": {"lines":{"total":13,"covered":0,"skipped":0,"pct":0},"functions":{"total":5,"covered":0,"skipped":0,"pct":0},"statements":{"total":14,"covered":0,"skipped":0,"pct":0},"branches":{"total":2,"covered":0,"skipped":0,"pct":0}}
,"D:\\garv\\garvhome\\projs\\nextjs\\2026\\stockers\\app\\components\\subscribe-modal.tsx": {"lines":{"total":73,"covered":62,"skipped":0,"pct":84.93},"functions":{"total":24,"covered":20,"skipped":0,"pct":83.33},"statements":{"total":86,"covered":72,"skipped":0,"pct":83.72},"branches":{"total":88,"covered":71,"skipped":0,"pct":80.68}}
,"D:\\garv\\garvhome\\projs\\nextjs\\2026\\stockers\\app\\components\\subscription-provider.tsx": {"lines":{"total":66,"covered":66,"skipped":0,"pct":100},"functions":{"total":18,"covered":18,"skipped":0,"pct":100},"statements":{"total":75,"covered":75,"skipped":0,"pct":100},"branches":{"total":31,"covered":31,"skipped":0,"pct":100}}
,"D:\\garv\\garvhome\\projs\\nextjs\\2026\\stockers\\app\\components\\subscription-reminder.tsx": {"lines":{"total":124,"covered":123,"skipped":0,"pct":99.19},"functions":{"total":33,"covered":32,"skipped":0,"pct":96.96},"statements":{"total":152,"covered":151,"skipped":0,"pct":99.34},"branches":{"total":101,"covered":97,"skipped":0,"pct":96.03}}
,"D:\\garv\\garvhome\\projs\\nextjs\\2026\\stockers\\app\\components\\super-admin-dashboard.tsx": {"lines":{"total":211,"covered":89,"skipped":0,"pct":42.18},"functions":{"total":109,"covered":37,"skipped":0,"pct":33.94},"statements":{"total":244,"covered":97,"skipped":0,"pct":39.75},"branches":{"total":285,"covered":117,"skipped":0,"pct":41.05}}
,"D:\\garv\\garvhome\\projs\\nextjs\\2026\\stockers\\app\\components\\theme-toggle.tsx": {"lines":{"total":7,"covered":7,"skipped":0,"pct":100},"functions":{"total":2,"covered":2,"skipped":0,"pct":100},"statements":{"total":7,"covered":7,"skipped":0,"pct":100},"branches":{"total":7,"covered":7,"skipped":0,"pct":100}}
,"D:\\garv\\garvhome\\projs\\nextjs\\2026\\stockers\\app\\components\\tier-movers.tsx": {"lines":{"total":44,"covered":41,"skipped":0,"pct":93.18},"functions":{"total":17,"covered":15,"skipped":0,"pct":88.23},"statements":{"total":46,"covered":43,"skipped":0,"pct":93.47},"branches":{"total":26,"covered":24,"skipped":0,"pct":92.3}}
,"D:\\garv\\garvhome\\projs\\nextjs\\2026\\stockers\\app\\components\\top-movers-strip.tsx": {"lines":{"total":9,"covered":9,"skipped":0,"pct":100},"functions":{"total":4,"covered":4,"skipped":0,"pct":100},"statements":{"total":10,"covered":10,"skipped":0,"pct":100},"branches":{"total":17,"covered":17,"skipped":0,"pct":100}}
,"D:\\garv\\garvhome\\projs\\nextjs\\2026\\stockers\\app\\components\\top-performers.tsx": {"lines":{"total":52,"covered":52,"skipped":0,"pct":100},"functions":{"total":21,"covered":21,"skipped":0,"pct":100},"statements":{"total":59,"covered":59,"skipped":0,"pct":100},"branches":{"total":63,"covered":63,"skipped":0,"pct":100}}
,"D:\\garv\\garvhome\\projs\\nextjs\\2026\\stockers\\app\\components\\top-picks-today.tsx": {"lines":{"total":47,"covered":47,"skipped":0,"pct":100},"functions":{"total":12,"covered":12,"skipped":0,"pct":100},"statements":{"total":54,"covered":54,"skipped":0,"pct":100},"branches":{"total":53,"covered":53,"skipped":0,"pct":100}}
,"D:\\garv\\garvhome\\projs\\nextjs\\2026\\stockers\\app\\components\\triple-compare.tsx": {"lines":{"total":32,"covered":31,"skipped":0,"pct":96.87},"functions":{"total":11,"covered":10,"skipped":0,"pct":90.9},"statements":{"total":36,"covered":35,"skipped":0,"pct":97.22},"branches":{"total":24,"covered":23,"skipped":0,"pct":95.83}}
,"D:\\garv\\garvhome\\projs\\nextjs\\2026\\stockers\\app\\components\\use-once-open.ts": {"lines":{"total":6,"covered":6,"skipped":0,"pct":100},"functions":{"total":2,"covered":2,"skipped":0,"pct":100},"statements":{"total":7,"covered":7,"skipped":0,"pct":100},"branches":{"total":4,"covered":4,"skipped":0,"pct":100}}
,"D:\\garv\\garvhome\\projs\\nextjs\\2026\\stockers\\app\\components\\use-stock-insights.ts": {"lines":{"total":54,"covered":54,"skipped":0,"pct":100},"functions":{"total":18,"covered":18,"skipped":0,"pct":100},"statements":{"total":60,"covered":60,"skipped":0,"pct":100},"branches":{"total":36,"covered":36,"skipped":0,"pct":100}}
,"D:\\garv\\garvhome\\projs\\nextjs\\2026\\stockers\\app\\components\\use-stock-performance.ts": {"lines":{"total":81,"covered":80,"skipped":0,"pct":98.76},"functions":{"total":15,"covered":15,"skipped":0,"pct":100},"statements":{"total":101,"covered":98,"skipped":0,"pct":97.02},"branches":{"total":57,"covered":55,"skipped":0,"pct":96.49}}
,"D:\\garv\\garvhome\\projs\\nextjs\\2026\\stockers\\app\\components\\verdict-view.tsx": {"lines":{"total":19,"covered":19,"skipped":0,"pct":100},"functions":{"total":12,"covered":12,"skipped":0,"pct":100},"statements":{"total":22,"covered":21,"skipped":0,"pct":95.45},"branches":{"total":21,"covered":21,"skipped":0,"pct":100}}
,"D:\\garv\\garvhome\\projs\\nextjs\\2026\\stockers\\app\\components\\verify-notice.tsx": {"lines":{"total":5,"covered":5,"skipped":0,"pct":100},"functions":{"total":1,"covered":1,"skipped":0,"pct":100},"statements":{"total":6,"covered":6,"skipped":0,"pct":100},"branches":{"total":8,"covered":8,"skipped":0,"pct":100}}
,"D:\\garv\\garvhome\\projs\\nextjs\\2026\\stockers\\app\\components\\visit-tracker.tsx": {"lines":{"total":29,"covered":29,"skipped":0,"pct":100},"functions":{"total":6,"covered":6,"skipped":0,"pct":100},"statements":{"total":31,"covered":31,"skipped":0,"pct":100},"branches":{"total":8,"covered":8,"skipped":0,"pct":100}}
,"D:\\garv\\garvhome\\projs\\nextjs\\2026\\stockers\\app\\components\\watchlist-card.tsx": {"lines":{"total":68,"covered":65,"skipped":0,"pct":95.58},"functions":{"total":24,"covered":23,"skipped":0,"pct":95.83},"statements":{"total":81,"covered":78,"skipped":0,"pct":96.29},"branches":{"total":67,"covered":65,"skipped":0,"pct":97.01}}
}
